
WARNING: The Trce option "-ucf" is either illegal or not supported by projNav and hence will be ignored.

Command Line : 
-------------
map C:\cygwin\home\tokusashi\newPart\Xilinx_Project412.3\Atlys\GmiiAtlys_decode\smartxplorer_results\run3\vtc_demo.ngd -ol high -global_opt speed -pr b -w -p xc6slx45-csg324-3 -o vtc_demo_map.ncd C:\cygwin\home\tokusashi\newPart\Xilinx_Project412.3\Atlys\GmiiAtlys_decode\smartxplorer_results\run3\vtc_demo.pcf

Release 12.3 - Map M.70d (nt)
Copyright (c) 1995-2010 Xilinx, Inc.  All rights reserved.
Using target part "6slx45csg324-3".
Running global optimization...
Mapping design into LUTs...
Writing file vtc_demo_map.ngm...
Running directed packing...
Running delay-based LUT packing...
Updating timing models...
WARNING:Timing:3159 - The DCM, PCLK_GEN_INST, has the attribute DFS_OSCILLATOR_MODE not set to PHASE_FREQ_LOCK. No phase relationship exists
   between the input clock and CLKFX or CLKFX180 outputs of this DCM. Data paths between these clock domains must be constrained using
   FROM/TO constraints.
INFO:Map:215 - The Interim Design Summary has been generated in the MAP Report
   (.mrp).
Running timing-driven placement...
Total REAL time at the beginning of Placer: 1 mins 
Total CPU  time at the beginning of Placer: 58 secs 

Phase 1.1  Initial Placement Analysis
Phase 1.1  Initial Placement Analysis (Checksum:4a4ea3bc) REAL time: 1 mins 2 secs 

Phase 2.7  Design Feasibility Check
Phase 2.7  Design Feasibility Check (Checksum:4a4ea3bc) REAL time: 1 mins 3 secs 

Phase 3.31  Local Placement Optimization
Phase 3.31  Local Placement Optimization (Checksum:4a4ea3bc) REAL time: 1 mins 3 secs 

Phase 4.2  Initial Placement for Architecture Specific Features

Phase 4.2  Initial Placement for Architecture Specific Features (Checksum:5f0d3fc1) REAL time: 1 mins 34 secs 

Phase 5.36  Local Placement Optimization
Phase 5.36  Local Placement Optimization (Checksum:5f0d3fc1) REAL time: 1 mins 34 secs 

Phase 6.30  Global Clock Region Assignment
Phase 6.30  Global Clock Region Assignment (Checksum:5f0d3fc1) REAL time: 1 mins 34 secs 

Phase 7.3  Local Placement Optimization
Phase 7.3  Local Placement Optimization (Checksum:5f0d3fc1) REAL time: 1 mins 34 secs 

Phase 8.5  Local Placement Optimization
Phase 8.5  Local Placement Optimization (Checksum:5f0d3fc1) REAL time: 1 mins 34 secs 

Phase 9.8  Global Placement
...................
.......................
.....................................
..............
Phase 9.8  Global Placement (Checksum:39203bd0) REAL time: 1 mins 38 secs 

Phase 10.5  Local Placement Optimization
Phase 10.5  Local Placement Optimization (Checksum:39203bd0) REAL time: 1 mins 38 secs 

Phase 11.18  Placement Optimization
Phase 11.18  Placement Optimization (Checksum:b2908fce) REAL time: 1 mins 43 secs 

Phase 12.5  Local Placement Optimization
Phase 12.5  Local Placement Optimization (Checksum:b2908fce) REAL time: 1 mins 43 secs 

Phase 13.34  Placement Validation
Phase 13.34  Placement Validation (Checksum:cdb0527b) REAL time: 1 mins 43 secs 

Total REAL time to Placer completion: 1 mins 45 secs 
Total CPU  time to Placer completion: 1 mins 42 secs 
Running post-placement packing...
Writing output files...

Design Summary:
Number of errors:      0
Number of warnings:    2
Slice Logic Utilization:
  Number of Slice Registers:                   554 out of  54,576    1%
    Number used as Flip Flops:                 554
    Number used as Latches:                      0
    Number used as Latch-thrus:                  0
    Number used as AND/OR logics:                0
  Number of Slice LUTs:                        642 out of  27,288    2%
    Number used as logic:                      561 out of  27,288    2%
      Number using O6 output only:             362
      Number using O5 output only:             123
      Number using O5 and O6:                   76
      Number used as ROM:                        0
    Number used as Memory:                      43 out of   6,408    1%
      Number used as Dual Port RAM:             32
        Number using O6 output only:             4
        Number using O5 output only:             0
        Number using O5 and O6:                 28
      Number used as Single Port RAM:            0
      Number used as Shift Register:            11
        Number using O6 output only:            11
        Number using O5 output only:             0
        Number using O5 and O6:                  0
    Number used exclusively as route-thrus:     38
      Number with same-slice register load:     28
      Number with same-slice carry load:        10
      Number with other load:                    0

Slice Logic Distribution:
  Number of occupied Slices:                   270 out of   6,822    3%
  Number of LUT Flip Flop pairs used:          756
    Number with an unused Flip Flop:           240 out of     756   31%
    Number with an unused LUT:                 114 out of     756   15%
    Number of fully used LUT-FF pairs:         402 out of     756   53%
    Number of unique control sets:              35
    Number of slice register sites lost
      to control set restrictions:             111 out of  54,576    1%

  A LUT Flip Flop pair for this architecture represents one LUT paired with
  one Flip Flop within a slice.  A control set is a unique combination of
  clock, reset, set, and enable signals for a registered element.
  The Slice Logic Distribution report is not meaningful if the design is
  over-mapped for a non-slice resource or if Placement fails.

IO Utilization:
  Number of bonded IOBs:                        37 out of     218   16%
    Number of LOCed IOBs:                       37 out of      37  100%
    IOB Flip Flops:                             12
    IOB Latches:                                 8
    IOB Master Pads:                             4
    IOB Slave Pads:                              4

Specific Feature Utilization:
  Number of RAMB16BWERs:                         8 out of     116    6%
  Number of RAMB8BWERs:                          0 out of     232    0%
  Number of BUFIO2/BUFIO2_2CLKs:                 1 out of      32    3%
    Number used as BUFIO2s:                      1
    Number used as BUFIO2_2CLKs:                 0
  Number of BUFIO2FB/BUFIO2FB_2CLKs:             0 out of      32    0%
  Number of BUFG/BUFGMUXs:                       7 out of      16   43%
    Number used as BUFGs:                        7
    Number used as BUFGMUX:                      0
  Number of DCM/DCM_CLKGENs:                     2 out of       8   25%
    Number used as DCMs:                         1
    Number used as DCM_CLKGENs:                  1
  Number of ILOGIC2/ISERDES2s:                  12 out of     376    3%
    Number used as ILOGIC2s:                    12
    Number used as ISERDES2s:                    0
  Number of IODELAY2/IODRP2/IODRP2_MCBs:         0 out of     376    0%
  Number of OLOGIC2/OSERDES2s:                  16 out of     376    4%
    Number used as OLOGIC2s:                     8
    Number used as OSERDES2s:                    8
  Number of BSCANs:                              0 out of       4    0%
  Number of BUFHs:                               0 out of     256    0%
  Number of BUFPLLs:                             1 out of       8   12%
  Number of BUFPLL_MCBs:                         0 out of       4    0%
  Number of DSP48A1s:                            0 out of      58    0%
  Number of ICAPs:                               0 out of       1    0%
  Number of MCBs:                                0 out of       2    0%
  Number of PCILOGICSEs:                         0 out of       2    0%
  Number of PLL_ADVs:                            1 out of       4   25%
  Number of PMVs:                                0 out of       1    0%
  Number of STARTUPs:                            0 out of       1    0%
  Number of SUSPEND_SYNCs:                       0 out of       1    0%

Average Fanout of Non-Clock Nets:                3.34

Peak Memory Usage:  333 MB
Total REAL time to MAP completion:  1 mins 46 secs 
Total CPU time to MAP completion:   1 mins 44 secs 

Mapping completed.
See MAP report file "vtc_demo_map.mrp" for details.

Command Line : 
-------------
par C:\cygwin\home\tokusashi\newPart\Xilinx_Project412.3\Atlys\GmiiAtlys_decode\smartxplorer_results\run3\vtc_demo.ngd -ol high -xe n -w vtc_demo.ncd C:\cygwin\home\tokusashi\newPart\Xilinx_Project412.3\Atlys\GmiiAtlys_decode\smartxplorer_results\run3\vtc_demo.pcf

Release 12.3 - par M.70d (nt)
Copyright (c) 1995-2010 Xilinx, Inc.  All rights reserved.



Constraints file:
C:\cygwin\home\tokusashi\newPart\Xilinx_Project412.3\Atlys\GmiiAtlys_decode\smartxplorer_results\run3\vtc_demo.pcf.
Loading device for application Rf_Device from file '6slx45.nph' in environment C:\Xilinx\12.3\ISE_DS\ISE\.
   "vtc_demo" is an NCD, version 3.2, device xc6slx45, package csg324, speed -3

Initializing temperature to 85.000 Celsius. (default - Range: 0.000 to 85.000 Celsius)
Initializing voltage to 1.140 Volts. (default - Range: 1.140 to 1.260 Volts)


Device speed data version:  "PRELIMINARY 1.12c 2010-09-15".


WARNING:Par:251 - Map -timing was run with a lower effort level setting than you are using for PAR.  Xilinx recommends that you rerun Map
   -timing with the effort level that you have set in PAR to achieve better design performance.


Device Utilization Summary:

Slice Logic Utilization:
  Number of Slice Registers:                   554 out of  54,576    1%
    Number used as Flip Flops:                 554
    Number used as Latches:                      0
    Number used as Latch-thrus:                  0
    Number used as AND/OR logics:                0
  Number of Slice LUTs:                        642 out of  27,288    2%
    Number used as logic:                      561 out of  27,288    2%
      Number using O6 output only:             362
      Number using O5 output only:             123
      Number using O5 and O6:                   76
      Number used as ROM:                        0
    Number used as Memory:                      43 out of   6,408    1%
      Number used as Dual Port RAM:             32
        Number using O6 output only:             4
        Number using O5 output only:             0
        Number using O5 and O6:                 28
      Number used as Single Port RAM:            0
      Number used as Shift Register:            11
        Number using O6 output only:            11
        Number using O5 output only:             0
        Number using O5 and O6:                  0
    Number used exclusively as route-thrus:     38
      Number with same-slice register load:     28
      Number with same-slice carry load:        10
      Number with other load:                    0

Slice Logic Distribution:
  Number of occupied Slices:                   270 out of   6,822    3%
  Number of LUT Flip Flop pairs used:          756
    Number with an unused Flip Flop:           240 out of     756   31%
    Number with an unused LUT:                 114 out of     756   15%
    Number of fully used LUT-FF pairs:         402 out of     756   53%
    Number of slice register sites lost
      to control set restrictions:               0 out of  54,576    0%

  A LUT Flip Flop pair for this architecture represents one LUT paired with
  one Flip Flop within a slice.  A control set is a unique combination of
  clock, reset, set, and enable signals for a registered element.
  The Slice Logic Distribution report is not meaningful if the design is
  over-mapped for a non-slice resource or if Placement fails.

IO Utilization:
  Number of bonded IOBs:                        37 out of     218   16%
    Number of LOCed IOBs:                       37 out of      37  100%
    IOB Flip Flops:                             12
    IOB Latches:                                 8
    IOB Master Pads:                             4
    IOB Slave Pads:                              4

Specific Feature Utilization:
  Number of RAMB16BWERs:                         8 out of     116    6%
  Number of RAMB8BWERs:                          0 out of     232    0%
  Number of BUFIO2/BUFIO2_2CLKs:                 1 out of      32    3%
    Number used as BUFIO2s:                      1
    Number used as BUFIO2_2CLKs:                 0
  Number of BUFIO2FB/BUFIO2FB_2CLKs:             0 out of      32    0%
  Number of BUFG/BUFGMUXs:                       7 out of      16   43%
    Number used as BUFGs:                        7
    Number used as BUFGMUX:                      0
  Number of DCM/DCM_CLKGENs:                     2 out of       8   25%
    Number used as DCMs:                         1
    Number used as DCM_CLKGENs:                  1
  Number of ILOGIC2/ISERDES2s:                  12 out of     376    3%
    Number used as ILOGIC2s:                    12
    Number used as ISERDES2s:                    0
  Number of IODELAY2/IODRP2/IODRP2_MCBs:         0 out of     376    0%
  Number of OLOGIC2/OSERDES2s:                  16 out of     376    4%
    Number used as OLOGIC2s:                     8
    Number used as OSERDES2s:                    8
  Number of BSCANs:                              0 out of       4    0%
  Number of BUFHs:                               0 out of     256    0%
  Number of BUFPLLs:                             1 out of       8   12%
  Number of BUFPLL_MCBs:                         0 out of       4    0%
  Number of DSP48A1s:                            0 out of      58    0%
  Number of ICAPs:                               0 out of       1    0%
  Number of MCBs:                                0 out of       2    0%
  Number of PCILOGICSEs:                         0 out of       2    0%
  Number of PLL_ADVs:                            1 out of       4   25%
  Number of PMVs:                                0 out of       1    0%
  Number of STARTUPs:                            0 out of       1    0%
  Number of SUSPEND_SYNCs:                       0 out of       1    0%


Overall effort level (-ol):   High 
Router effort level (-rl):    High 

WARNING:Timing:3159 - The DCM, PCLK_GEN_INST, has the attribute DFS_OSCILLATOR_MODE not set to PHASE_FREQ_LOCK. No phase relationship exists
   between the input clock and CLKFX or CLKFX180 outputs of this DCM. Data paths between these clock domains must be constrained using
   FROM/TO constraints.
INFO:Timing:3386 - Intersecting Constraints found and resolved.  For more information, see the TSI report.  Please consult the Xilinx
   Command Line Tools User Guide for information on generating a TSI report.
Starting initial Timing Analysis.  REAL time: 13 secs 
Finished initial Timing Analysis.  REAL time: 13 secs 

Starting Router


Phase  1  : 4023 unrouted;      REAL time: 14 secs 

Phase  2  : 2700 unrouted;      REAL time: 20 secs 

Phase  3  : 716 unrouted;      REAL time: 27 secs 

Phase  4  : 716 unrouted; (Setup:0, Hold:1343, Component Switching Limit:0)     REAL time: 31 secs 

Updating file: vtc_demo.ncd with current fully routed design.

Phase  5  : 0 unrouted; (Setup:0, Hold:1343, Component Switching Limit:0)     REAL time: 36 secs 

Phase  6  : 0 unrouted; (Setup:0, Hold:1343, Component Switching Limit:0)     REAL time: 36 secs 

Phase  7  : 0 unrouted; (Setup:0, Hold:1343, Component Switching Limit:0)     REAL time: 36 secs 

Phase  8  : 0 unrouted; (Setup:0, Hold:1343, Component Switching Limit:0)     REAL time: 36 secs 

Phase  9  : 0 unrouted; (Setup:0, Hold:0, Component Switching Limit:0)     REAL time: 36 secs 

Phase 10  : 0 unrouted; (Setup:0, Hold:0, Component Switching Limit:0)     REAL time: 36 secs 
Total REAL time to Router completion: 36 secs 
Total CPU time to Router completion: 34 secs 

Partition Implementation Status
-------------------------------

  No Partitions were found in this design.

-------------------------------

Generating "PAR" statistics.

**************************
Generating Clock Report
**************************

+---------------------+--------------+------+------+------------+-------------+
|        Clock Net    |   Resource   |Locked|Fanout|Net Skew(ns)|Max Delay(ns)|
+---------------------+--------------+------+------+------------+-------------+
|         RXCLK_BUFGP |  BUFGMUX_X2Y3| No   |   86 |  0.524     |  1.842      |
+---------------------+--------------+------+------+------------+-------------+
|                pclk | BUFGMUX_X2Y10| No   |   60 |  0.514     |  1.837      |
+---------------------+--------------+------+------+------------+-------------+
|            clk_125M | BUFGMUX_X2Y12| No   |    5 |  0.008     |  1.359      |
+---------------------+--------------+------+------+------------+-------------+
|         clk50m_bufg |  BUFGMUX_X2Y1| No   |   37 |  0.065     |  1.380      |
+---------------------+--------------+------+------+------------+-------------+
|              pclkx2 | BUFGMUX_X3Y13| No   |   47 |  0.297     |  1.624      |
+---------------------+--------------+------+------+------------+-------------+
|           lut1254_9 |         Local|      |    8 |  5.463     |  8.073      |
+---------------------+--------------+------+------+------------+-------------+
|             pclkx10 |         Local|      |    8 |  0.000     |  1.583      |
+---------------------+--------------+------+------+------------+-------------+

* Net Skew is the difference between the minimum and maximum routing
only delays for the net. Note this is different from Clock Skew which
is reported in TRCE timing report. Clock Skew is the difference between
the minimum and maximum path delays which includes logic delays.

Timing Score: 0 (Setup: 0, Hold: 0, Component Switching Limit: 0)

Number of Timing Constraints that were not applied: 1

Asterisk (*) preceding a constraint indicates it was not met.
   This may be due to a setup or hold violation.

----------------------------------------------------------------------------------------------------------
  Constraint                                |    Check    | Worst Case |  Best Case | Timing |   Timing   
                                            |             |    Slack   | Achievable | Errors |    Score   
----------------------------------------------------------------------------------------------------------
  TS_PCLKX2 = PERIOD TIMEGRP "TNM_PCLKX2" T | SETUP       |     0.250ns|     4.379ns|       0|           0
  S_PCLK * 2 HIGH 50%                       | HOLD        |     0.300ns|            |       0|           0
----------------------------------------------------------------------------------------------------------
  TS_PCLK = PERIOD TIMEGRP "TNM_PCLK" 108 M | SETUP       |     0.826ns|     8.433ns|       0|           0
  Hz HIGH 50% PRIORITY 0                    | HOLD        |     0.326ns|            |       0|           0
----------------------------------------------------------------------------------------------------------
  TS_ramra = MAXDELAY FROM TIMEGRP "bramra" | SETUP       |     2.305ns|     6.954ns|       0|           0
   TO TIMEGRP "fddbgrp" TS_PCLK             | HOLD        |     1.166ns|            |       0|           0
----------------------------------------------------------------------------------------------------------
  TS_ramdo = MAXDELAY FROM TIMEGRP "bramgrp | SETUP       |     3.526ns|     5.733ns|       0|           0
  " TO TIMEGRP "fddbgrp" TS_PCLK            | HOLD        |     0.410ns|            |       0|           0
----------------------------------------------------------------------------------------------------------
  TS_CLK50M = PERIOD TIMEGRP "TNM_CLK50M" 5 | SETUP       |    16.195ns|     3.805ns|       0|           0
  0 MHz HIGH 50% PRIORITY 0                 | HOLD        |     0.229ns|            |       0|           0
                                            | MINPERIOD   |    14.010ns|     5.990ns|       0|           0
----------------------------------------------------------------------------------------------------------
  TS_PCLKX10 = PERIOD TIMEGRP "TNM_PCLKX10" | N/A         |         N/A|         N/A|     N/A|         N/A
   TS_PCLK * 10 HIGH 50%                    |             |            |            |        |            
----------------------------------------------------------------------------------------------------------


Derived Constraint Report
Review Timing Report for more details on the following derived constraints.
To create a Timing Report, run "trce -v 12 -fastpaths -o design_timing_report design.ncd design.pcf"
or "Run Timing Analysis" from Timing Analyzer (timingan).
Derived Constraints for TS_PCLK
+-------------------------------+-------------+-------------+-------------+-------------+-------------+-------------+-------------+
|                               |   Period    |       Actual Period       |      Timing Errors        |      Paths Analyzed       |
|           Constraint          | Requirement |-------------+-------------|-------------+-------------|-------------+-------------|
|                               |             |   Direct    | Derivative  |   Direct    | Derivative  |   Direct    | Derivative  |
+-------------------------------+-------------+-------------+-------------+-------------+-------------+-------------+-------------+
|TS_PCLK                        |      9.259ns|      8.433ns|      8.758ns|            0|            0|         4437|          270|
| TS_PCLKX2                     |      4.630ns|      4.379ns|          N/A|            0|            0|          120|            0|
| TS_PCLKX10                    |      0.926ns|          N/A|          N/A|            0|            0|            0|            0|
| TS_ramdo                      |      9.259ns|      5.733ns|          N/A|            0|            0|           30|            0|
| TS_ramra                      |      9.259ns|      6.954ns|          N/A|            0|            0|          120|            0|
+-------------------------------+-------------+-------------+-------------+-------------+-------------+-------------+-------------+

All constraints were met.
INFO:Timing:2761 - N/A entries in the Constraints List may indicate that the 
   constraint is not analyzed due to the following: No paths covered by this 
   constraint; Other constraints intersect with this constraint; or This 
   constraint was disabled by a Path Tracing Control. Please run the Timespec 
   Interaction Report (TSI) via command line (trce tsi) or Timing Analyzer GUI.


Generating Pad Report.

All signals are completely routed.

Total REAL time to PAR completion: 38 secs 
Total CPU time to PAR completion: 36 secs 

Peak Memory Usage:  285 MB

Placer: Placement generated during map.
Routing: Completed - No errors found.
Timing: Completed - No errors found.

Number of error messages: 0
Number of warning messages: 2
Number of info messages: 1

Writing design to file vtc_demo.ncd



PAR done!

Command Line : 
-------------
trce C:\cygwin\home\tokusashi\newPart\Xilinx_Project412.3\Atlys\GmiiAtlys_decode\smartxplorer_results\run3\vtc_demo.ngd C:\cygwin\home\tokusashi\newPart\Xilinx_Project412.3\Atlys\GmiiAtlys_decode\smartxplorer_results\run3\vtc_demo.pcf -xml C:\cygwin\home\tokusashi\newPart\Xilinx_Project412.3\Atlys\GmiiAtlys_decode\smartxplorer_results\run3\vtc_demo.twx -v 3 -s 3 -n 3 -fastpaths -ucf gmii_atlys.ucf -o C:\cygwin\home\tokusashi\newPart\Xilinx_Project412.3\Atlys\GmiiAtlys_decode\smartxplorer_results\run3\vtc_demo.twr

Release 12.3 - Trace  (nt)
Copyright (c) 1995-2010 Xilinx, Inc.  All rights reserved.


Loading device for application Rf_Device from file '6slx45.nph' in environment
C:\Xilinx\12.3\ISE_DS\ISE\.
   "vtc_demo" is an NCD, version 3.2, device xc6slx45, package csg324, speed -3
WARNING:Timing:3159 - The DCM, PCLK_GEN_INST, has the attribute
   DFS_OSCILLATOR_MODE not set to PHASE_FREQ_LOCK. No phase relationship exists
   between the input clock and CLKFX or CLKFX180 outputs of this DCM. Data paths
   between these clock domains must be constrained using FROM/TO constraints.
INFO:Timing:3386 - Intersecting Constraints found and resolved.  For more
   information, see the TSI report.  Please consult the Xilinx Command Line
   Tools User Guide for information on generating a TSI report.
--------------------------------------------------------------------------------
Release 12.3 Trace  (nt)
Copyright (c) 1995-2010 Xilinx, Inc.  All rights reserved.

C:\Xilinx\12.3\ISE_DS\ISE\bin\nt\unwrapped\trce.exe
C:\cygwin\home\tokusashi\newPart\Xilinx_Project412.3\Atlys\GmiiAtlys_decode\smar
txplorer_results\run3\vtc_demo.ncd
C:\cygwin\home\tokusashi\newPart\Xilinx_Project412.3\Atlys\GmiiAtlys_decode\smar
txplorer_results\run3\vtc_demo.pcf
-xml
C:\cygwin\home\tokusashi\newPart\Xilinx_Project412.3\Atlys\GmiiAtlys_decode\smar
txplorer_results\run3\vtc_demo.twx
-v 3 -s 3 -n 3 -fastpaths -ucf gmii_atlys.ucf -o
C:\cygwin\home\tokusashi\newPart\Xilinx_Project412.3\Atlys\GmiiAtlys_decode\smar
txplorer_results\run3\vtc_demo.twr


Design file:              vtc_demo.ncd
Physical constraint file: vtc_demo.pcf
Device,speed:             xc6slx45,-3 (PRELIMINARY 1.12c 2010-09-15)
Report level:             verbose report
--------------------------------------------------------------------------------

INFO:Timing:2752 - To get complete path coverage, use the unconstrained paths option. All paths that are not constrained will be reported in
   the unconstrained paths section(s) of the report.
INFO:Timing:3339 - The clock-to-out numbers in this timing report are based on a 50 Ohm transmission line loading model.  For the details of
   this model, and for more information on accounting for different loading conditions, please see the device datasheet.


Timing summary:
---------------

Timing errors: 0  Score: 0 (Setup/Max: 0, Hold: 0)

Constraints cover 5678 paths, 0 nets, and 1400 connections

Design statistics:
   Minimum period:   8.433ns (Maximum frequency: 118.582MHz)
   Maximum path delay from/to any node:   6.954ns


Analysis completed FRI 23 AUG 23:51:39 2013
--------------------------------------------------------------------------------

Generating Report ...

Number of warnings: 1
Number of info messages: 3
Total time: 13 secs 
