#:C551   
#Xilinx FPGA Editor Command Log File
#Editor Version:
#:V   SPARC M2.1 P.49d
#Current Working Directory:
#:D   /home/aom/Work/fpga_project/hdmi-ts/display_measure/boards/atlys/synthesis/build
#Host Name:
#:H   aom.sfc.wide.ad.jp
#Date/Time:
#:T   Tue Jun 10 12:39:07 2014
#------------------------------
	#Reading /home/aom/Work/fpga_project/hdmi-ts/display_measure/boards/atlys/synthesis/build/top.ncd...
	#Loading device for application Rf_Device from file '6slx45.nph' in environment /opt/Xilinx/14.4/ISE_DS/ISE/.
	#   "top" is an NCD, version 3.2, device xc6slx45, package csg324, speed -3
	#Design creation date: 2014.06.10.03.10.28
	#Building chip graphics...
	#Loading speed info...
	#1
unselect -all
	#2
select rpm 'Shape_12'
	#RPM Shape_12, type CARRY
	#3
unselect -all
	#4
unselect -all
	#5
unselect -all
	#6
unselect -all
	#7
select rpm 'Shape_12'
	#RPM Shape_12, type CARRY
	#8
unselect -all
	#9
select rpm 'Shape_13'
	#RPM Shape_13, type CARRY
	#10
unselect -all
	#11
unselect -all
	#12
select rpm 'Shape_3'
	#RPM Shape_3, type CARRY
	#13
unselect -all
	#14
select comp 'tc_veblnk<4>1_FRB'
	#comp "tc_veblnk<4>1_FRB",  site "SLICE_X25Y72",  type = SLICEX  (RPM grid X67Y288)
	#15
unselect -all
	#16
unselect -all
	#17
unselect -all
	#18
select comp 'tc_veblnk<4>1_FRB'
	#comp "tc_veblnk<4>1_FRB",  site "SLICE_X25Y72",  type = SLICEX  (RPM grid X67Y288)
	#19
unselect comp 'tc_veblnk<4>1_FRB'
	#20
select -k comp 'TMDSB<3>'
	#21
unselect -all
	#22
unselect -all
	#23
select net 'tmdsclk'
	#net "tmdsclk"
	#24
unselect -all
	#25
select comp 'TMDSB<3>'
	#comp "TMDSB<3>",  site "A6",  bonded type = IOBS,  pad name = PAD16,  pin name = A6  (RPM grid X21Y504)
	#26
unselect -all
	#27
select comp 'clkout/oserdes_m'
	#comp "clkout/oserdes_m",  site "OLOGIC_X4Y117",  type = OSERDES2  (RPM grid X23Y506)
	#28
unselect -all
	#29
select comp 'clkout/oserdes_s'
	#comp "clkout/oserdes_s",  site "OLOGIC_X4Y116",  type = OSERDES2  (RPM grid X23Y504)
	#30
unselect -all
	#31
select wire 'GENERIC(-64382,207631)'
	#node = GENERIC(-64382,207631)
	#32
unselect -all
	#33
select wire 'GENERIC(-64406,207743)'
	#node = GENERIC(-64406,207743)
	#34
unselect -all
	#35
select wire 'GENERIC1(-64418,207651)'
	#node = GENERIC1(-64418,207651)
	#36
unselect -all
	#37
unselect -all
	#38
select comp 'clkout/oserdes_m'
	#comp "clkout/oserdes_m",  site "OLOGIC_X4Y117",  type = OSERDES2  (RPM grid X23Y506)
	#39
unselect -all
	#40
select comp 'oserdes1/oserdes_m'
	#comp "oserdes1/oserdes_m",  site "OLOGIC_X4Y119",  type = OSERDES2  (RPM grid X23Y510)
	#41
unselect -all
	#42
select comp 'oserdes1/oserdes_s'
	#comp "oserdes1/oserdes_s",  site "OLOGIC_X4Y118",  type = OSERDES2  (RPM grid X23Y508)
	#43
unselect -all
	#44
select comp 'oserdes1/oserdes_m'
	#comp "oserdes1/oserdes_m",  site "OLOGIC_X4Y119",  type = OSERDES2  (RPM grid X23Y510)
	#45
unselect -all
	#46
select net 'tmdsint<1>'
	#net "tmdsint<1>"
	#47
unselect -all
	#48
select net 'tmdsint<1>'
	#net "tmdsint<1>"
	#49
unselect -all
	#50
select net 'tmdsint<1>'
	#net "tmdsint<1>"
	#51
unselect -all
	#52
select net 'tmdsint<1>'
	#net "tmdsint<1>"
	#53
unselect -all
	#54
select net 'tmds_data1<4>'
	#net "tmds_data1<4>"
	#55
unselect -all
	#56
select pin 'OLOGIC_X4Y119.D1'
	#site.pin = OLOGIC_X4Y119.D1, comp.pin = oserdes1/oserdes_m.D1, delay = ~4.336ns on net "tmds_data1<4>"
	#57
unselect -all
	#58
select net 'tmds_data1<4>'
	#net "tmds_data1<4>"
	#59
unselect -all
	#60
select comp 'tmds_data1<3>'
	#comp "tmds_data1<3>",  site "SLICE_X25Y113",  type = SLICEX  (RPM grid X67Y452)
	#61
unselect -all
	#62
select comp 'tmds_data1<3>'
	#comp "tmds_data1<3>",  site "SLICE_X25Y113",  type = SLICEX  (RPM grid X67Y452)
	#63
unselect comp 'tmds_data1<3>'
	#64
select -k comp 'TMDSB<3>'
	#65
select -k comp 'TMDSB<2>'
	#66
select -k comp 'TMDSB<1>'
	#67
select -k comp 'TMDSB<0>'
	#68
unselect -all
	#69
select comp 'TMDSB<1>'
	#comp "TMDSB<1>",  site "A7",  bonded type = IOBS,  pad name = PAD14,  pin name = A7  (RPM grid X21Y508)
	#70
unselect -all
	#71
select comp 'TMDSB<3>'
	#comp "TMDSB<3>",  site "A6",  bonded type = IOBS,  pad name = PAD16,  pin name = A6  (RPM grid X21Y504)
	#72
unselect -all
	#73
select comp 'TMDS<3>'
	#comp "TMDS<3>",  site "B6",  bonded type = IOBM,  pad name = PAD15,  pin name = B6  (RPM grid X21Y506)
	#74
unselect -all
	#75
select comp 'TMDS<1>'
	#comp "TMDS<1>",  site "C7",  bonded type = IOBM,  pad name = PAD13,  pin name = C7  (RPM grid X21Y510)
	#76
unselect -all
	#77
select comp 'TMDSB<1>'
	#comp "TMDSB<1>",  site "A7",  bonded type = IOBS,  pad name = PAD14,  pin name = A7  (RPM grid X21Y508)
	#78
unselect -all
	#79
select -k comp 'TMDSB<3>'
	#80
unselect comp 'TMDSB<3>'
	#81
select -k comp 'TMDSB<2>'
	#82
unselect comp 'TMDSB<2>'
	#83
select -k comp 'TMDSB<1>'
	#84
unselect comp 'TMDSB<1>'
	#85
select -k comp 'TMDSB<2>'
	#86
unselect comp 'TMDSB<2>'
	#87
select -k comp 'TMDSB<3>'
	#88
select -k comp 'TMDSB<2>'
	#89
select -k comp 'TMDSB<1>'
	#90
select -k comp 'TMDSB<0>'
	#91
select -k comp 'TMDS<3>'
	#92
select -k comp 'TMDS<2>'
	#93
select -k comp 'TMDS<1>'
	#94
select -k comp 'TMDS<0>'
	#95
select -k comp 'timing_inst/vpos_cnt<10>'
	#96
select -k comp 'timing_inst/vpos_cnt<9>'
	#97
unselect comp 'timing_inst/vpos_cnt<9>'
	#98
unselect comp 'timing_inst/vpos_cnt<10>'
	#99
unselect -all
	#100
select comp 'TMDSB<2>'
	#comp "TMDSB<2>",  site "A8",  bonded type = IOBS,  pad name = PAD20,  pin name = A8  (RPM grid X69Y504)
	#101
unselect -all
	#102
select comp 'TMDS<2>'
	#comp "TMDS<2>",  site "B8",  bonded type = IOBM,  pad name = PAD19,  pin name = B8  (RPM grid X69Y506)
	#103
unselect -all
	#104
select comp 'TMDSB<0>'
	#comp "TMDSB<0>",  site "C8",  bonded type = IOBS,  pad name = PAD18,  pin name = C8  (RPM grid X69Y508)
	#105
unselect -all
	#106
select comp 'TMDS<0>'
	#comp "TMDS<0>",  site "D8",  bonded type = IOBM,  pad name = PAD17,  pin name = D8  (RPM grid X69Y510)
	#107
unselect -all
	#108
select comp 'TMDS<0>'
	#comp "TMDS<0>",  site "D8",  bonded type = IOBM,  pad name = PAD17,  pin name = D8  (RPM grid X69Y510)
	#109
unselect -all
	#110
select -k comp 'TMDSB<0>'
	#111
unselect -all
	#112
select comp 'TMDS<0>'
	#comp "TMDS<0>",  site "D8",  bonded type = IOBM,  pad name = PAD17,  pin name = D8  (RPM grid X69Y510)
	#113
unselect -all
	#114
select comp 'TMDS<1>'
	#comp "TMDS<1>",  site "C7",  bonded type = IOBM,  pad name = PAD13,  pin name = C7  (RPM grid X21Y510)
	#115
unselect -all
	#116
select comp 'TMDS<3>'
	#comp "TMDS<3>",  site "B6",  bonded type = IOBM,  pad name = PAD15,  pin name = B6  (RPM grid X21Y506)
	#117
unselect -all
	#118
select comp 'TMDSB<3>'
	#comp "TMDSB<3>",  site "A6",  bonded type = IOBS,  pad name = PAD16,  pin name = A6  (RPM grid X21Y504)
	#119
unselect -all
	#120
select comp 'TMDS<0>'
	#comp "TMDS<0>",  site "D8",  bonded type = IOBM,  pad name = PAD17,  pin name = D8  (RPM grid X69Y510)
	#121
unselect -all
	#122
select comp 'TMDS<2>'
	#comp "TMDS<2>",  site "B8",  bonded type = IOBM,  pad name = PAD19,  pin name = B8  (RPM grid X69Y506)
	#123
unselect -all
	#124
unselect -all
	#125
select comp 'TMDSB<2>'
	#comp "TMDSB<2>",  site "A8",  bonded type = IOBS,  pad name = PAD20,  pin name = A8  (RPM grid X69Y504)
	#126
unselect -all
	#127
select comp 'TMDS<2>'
	#comp "TMDS<2>",  site "B8",  bonded type = IOBM,  pad name = PAD19,  pin name = B8  (RPM grid X69Y506)
	#128
unselect -all
	#129
select comp 'TMDSB<0>'
	#comp "TMDSB<0>",  site "C8",  bonded type = IOBS,  pad name = PAD18,  pin name = C8  (RPM grid X69Y508)
	#130
unselect -all
	#131
select comp 'TMDS<0>'
	#comp "TMDS<0>",  site "D8",  bonded type = IOBM,  pad name = PAD17,  pin name = D8  (RPM grid X69Y510)
	#132
unselect -all
	#133
select comp 'TMDS<1>'
	#comp "TMDS<1>",  site "C7",  bonded type = IOBM,  pad name = PAD13,  pin name = C7  (RPM grid X21Y510)
	#134
unselect -all
	#135
select net 'serdes_rst'
	#net "serdes_rst"
	#136
unselect -all
	#137
select comp 'oserdes2/oserdes_m'
	#comp "oserdes2/oserdes_m",  site "OLOGIC_X12Y117",  type = OSERDES2  (RPM grid X71Y506)
	#138
unselect -all
	#139
select net 'tmdsint<2>'
	#net "tmdsint<2>"
	#140
unselect -all
	#141
select comp 'oserdes2/oserdes_m'
	#comp "oserdes2/oserdes_m",  site "OLOGIC_X12Y117",  type = OSERDES2  (RPM grid X71Y506)
	#142
unselect -all
	#143
select comp 'oserdes2/oserdes_m'
	#comp "oserdes2/oserdes_m",  site "OLOGIC_X12Y117",  type = OSERDES2  (RPM grid X71Y506)
	#144
unselect -all
	#145
select comp 'oserdes2/oserdes_m'
	#comp "oserdes2/oserdes_m",  site "OLOGIC_X12Y117",  type = OSERDES2  (RPM grid X71Y506)
	#146
post block
	#<OSERDES2>; bel <oserdes2/oserdes_m>.
	#<CLK0INV>.
	#<DATA_RATE_OQ>.
	#<DATA_RATE_OQ>.
	#<DATA_RATE_OQ>.
	#<DATA_RATE_OQ>.
	#<DATA_RATE_OQ>.
	#<DATA_RATE_OT>.
	#<DATA_WIDTH>.
	#<SERDES_MODE>.
	#<BYPASS_GCLK_FF>.
	#<OUTPUT_MODE>.
	#<OUTPUT_MODE>.
	#<TRAIN_PATTERN>.
	#<DATA_WIDTH>.
	#<SERDES_MODE>.
	#<BYPASS_GCLK_FF>.
	#<OUTPUT_MODE>.
	#<TRAIN_PATTERN>.
	#<TRAIN_PATTERN>.
	#<OUTPUT_MODE>.
	#<BYPASS_GCLK_FF>.
	#<SERDES_MODE>.
	#<DATA_WIDTH>.
	#<DATA_RATE_OT>.
	#<DATA_RATE_OQ>.
	#<DATA_RATE_OT>.
	#<DATA_WIDTH>.
	#<SERDES_MODE>.
	#<BYPASS_GCLK_FF>.
	#<OUTPUT_MODE>.
	#147
unselect -all
	#148
select site 'IODELAY_X12Y117'
	#site "IODELAY_X12Y117",  type = IODELAY2  (RPM grid X70Y507)
	#149
unselect -all
	#150
select site 'IODELAY_X12Y117'
	#site "IODELAY_X12Y117",  type = IODELAY2  (RPM grid X70Y507)
	#151
unselect -all
	#152
select site 'IODELAY_X12Y117'
	#site "IODELAY_X12Y117",  type = IODELAY2  (RPM grid X70Y507)
	#153
post block
	#154
setattr main disable_draw on
	#155
setattr layer switch_boxes view on
	#156
setattr main disable_draw off
	#Hint: change the visibility of more than one layer at a time by clicking on the apply button, clicking two or more layer buttons, and then clicking on the apply button again.
	#157
setattr main disable_draw on
	#158
setattr layer switch_boxes view off
	#159
setattr main disable_draw off
	#160
setattr main disable_draw on
	#161
setattr layer switch_boxes view on
	#162
setattr main disable_draw off
	#163
setattr main disable_draw on
	#164
setattr layer pips view on
	#165
setattr main disable_draw off
	#166
setattr main disable_draw on
	#167
setattr layer pinwires view on
	#168
setattr main disable_draw off
	#169
setattr main disable_draw on
	#170
setattr layer long_lines view on
	#171
setattr main disable_draw off
	#172
setattr main disable_draw on
	#173
setattr layer local_lines view on
	#174
setattr main disable_draw off
	#175
setattr main disable_draw on
	#176
setattr layer local_lines view off
	#177
setattr main disable_draw off
	#178
setattr main disable_draw on
	#179
setattr layer text view on
	#180
setattr main disable_draw off
	#181
setattr main disable_draw on
	#182
setattr layer clock_regions view on
	#183
setattr main disable_draw off
	#184
setattr main disable_draw on
	#185
setattr layer clock_regions view off
	#186
setattr main disable_draw off
	#187
setattr main disable_draw on
	#188
setattr layer clock_regions view on
	#189
setattr main disable_draw off
	#190
setattr main disable_draw on
	#191
setattr layer clock_regions view off
	#192
setattr main disable_draw off
	#193
setattr main disable_draw on
	#194
setattr layer user_rpms view on
	#195
setattr main disable_draw off
	#196
setattr main disable_draw on
	#197
setattr layer user_rpms view off
	#198
setattr main disable_draw off
	#199
setattr main disable_draw on
	#200
setattr layer user_rpms view on
	#201
setattr main disable_draw off
	#202
setattr main disable_draw on
	#203
setattr layer user_rpms view off
	#204
setattr main disable_draw off
	#205
setattr main disable_draw on
	#206
setattr layer tool_rpms view on
	#207
setattr main disable_draw off
	#208
setattr main disable_draw on
	#209
setattr layer user_rpms view on
	#210
setattr main disable_draw off
	#211
setattr main disable_draw on
	#212
setattr layer text view off
	#213
setattr main disable_draw off
	#214
setattr main disable_draw on
	#215
setattr layer ratsnests view off
	#216
setattr main disable_draw off
	#217
unselect -all
	#218
select comp 'oserdes2/oserdes_m'
	#comp "oserdes2/oserdes_m",  site "OLOGIC_X12Y117",  type = OSERDES2  (RPM grid X71Y506)
	#219
post block
	#<CLK0INV>.
	#<CLK0INV>.
	#<CLK0INV>.
	#<CLK0INV>.
	#<CLK1INV>.
	#220
unselect -all
	#221
select net "Mcount_ledc_cy<3>/ProtoComp43.B5LUT.O5"
	#net "Mcount_ledc_cy<3>/ProtoComp43.B5LUT.O5"
	#222
unselect -all
	#223
select net "tmdsint<2>"
	#net "tmdsint<2>"
	#224
route
	#ERROR:FPGAEditor:553 - Selection contains no net pin.  Manual routing
	#requires the selection to include at least one pin of the net, or a wire
	#that is already a part of the partially routed net.
	#225
route
	#ERROR:FPGAEditor:553 - Selection contains no net pin.  Manual routing
	#requires the selection to include at least one pin of the net, or a wire
	#that is already a part of the partially routed net.
	#226
unselect -all
	#227
select net 'tmdsint<2>'
	#net "tmdsint<2>"
	#228
route -fanout
	#ERROR:FPGAEditor:553 - Selection contains no net pin.  Manual routing
	#requires the selection to include at least one pin of the net, or a wire
	#that is already a part of the partially routed net.
	#229
swap
	#ERROR:FPGAEditor:410 - Cannot swap more than two objects at a time.
	#230
unroute
	#231
swap
	#ERROR:FPGAEditor:410 - Cannot swap more than two objects at a time.
	#232
route -fanout
	#ERROR:FPGAEditor:553 - Selection contains no net pin.  Manual routing
	#requires the selection to include at least one pin of the net, or a wire
	#that is already a part of the partially routed net.
	#233
unselect net 'tmdsint<2>'
	#234
select -k comp 'TMDS<2>'
	#235
route
	#ERROR:FPGAEditor:565 - There is no net in the selection. Please select a net to manual route.
	#236
route
	#ERROR:FPGAEditor:565 - There is no net in the selection. Please select a net to manual route.
	#237
unselect comp 'TMDS<2>'
	#238
select -k comp 'TMDS<3>'
	#239
route
	#ERROR:FPGAEditor:565 - There is no net in the selection. Please select a net to manual route.
	#240
autoroute
	#Completed route status: 0 of 2 nets are fully routed.
	#241
autoroute
	#Completed route status: 0 of 2 nets are fully routed.
	#242
post goto
	#243
unselect -all
	#244
unselect -all
	#245
unselect -all
	#246
unselect -all
	#247
unselect -all
	#248
unpost goto
	#249
unselect -all
	#250
unselect -all
	#251
select comp 'TMDS<3>'
	#comp "TMDS<3>",  site "B6",  bonded type = IOBM,  pad name = PAD15,  pin name = B6  (RPM grid X21Y506)
	#252
autoroute
	#Completed route status: 0 of 2 nets are fully routed.
	#253
unselect -all
	#254
select net 'tmdsclk'
	#net "tmdsclk"
	#255
delay
	#Net "tmdsclk":
	#   ~1.202ns - comp.pin "TMDS<3>.O", site.pin "B6.O"
	#     driver - comp.pin "clkout/oserdes_m.OQ", site.pin "OLOGIC_X4Y117.OQ"
	#256
post routecst
	#257
unselect -all
	#258
unpost routecst
	#259
unselect -all
	#260
select comp 'TMDS<3>'
	#comp "TMDS<3>",  site "B6",  bonded type = IOBM,  pad name = PAD15,  pin name = B6  (RPM grid X21Y506)
	#261
hilite -c yellow
	#262
setattr main disable_draw on
	#263
setattr layer clock_regions view on
	#264
setattr main disable_draw off
	#265
unselect -all
	#266
select comp 'TMDS<3>'
	#comp "TMDS<3>",  site "B6",  bonded type = IOBM,  pad name = PAD15,  pin name = B6  (RPM grid X21Y506)
	#267
unselect -all
	#268
select comp 'TMDS<3>'
	#comp "TMDS<3>",  site "B6",  bonded type = IOBM,  pad name = PAD15,  pin name = B6  (RPM grid X21Y506)
	#269
post block
	#<IN_TERM>.
	#<IN_TERM>.
	#<IN_TERM>.
	#<PAD>; Bonded; bel <TMDS<3>>.
	#<PULL>.
	#<OUTBUF>; bel <TMDS3/OBUFDS>.
	#<INBUF>.
	#<OUTBUF>; bel <TMDS3/OBUFDS>.
	#270
refresh
	#271
refresh
	#272
refresh
	#273
refresh
	#274
setattr main disable_draw on
	#275
setattr layer local_lines view off
	#276
setattr main disable_draw off
	#277
setattr main disable_draw on
	#278
setattr layer local_lines view on
	#279
setattr main disable_draw off
	#280
setattr main disable_draw on
	#281
setattr layer local_lines view off
	#282
setattr main disable_draw off
	#283
setattr main disable_draw on
	#284
setattr layer local_lines view on
	#285
setattr main disable_draw off
	#286
setattr main disable_draw on
	#287
setattr layer long_lines view off
	#288
setattr main disable_draw off
	#289
setattr main disable_draw on
	#290
setattr layer long_lines view on
	#291
setattr main disable_draw off
	#292
setattr main disable_draw on
	#293
setattr layer pinwires view off
	#294
setattr main disable_draw off
	#295
setattr main disable_draw on
	#296
setattr layer pinwires view on
	#297
setattr main disable_draw off
	#298
setattr main disable_draw on
	#299
setattr layer pips view off
	#300
setattr main disable_draw off
	#301
setattr main disable_draw on
	#302
setattr layer pips view on
	#303
setattr main disable_draw off
	#304
setattr main disable_draw on
	#305
setattr layer pips view off
	#306
setattr main disable_draw off
	#307
setattr main disable_draw on
	#308
setattr layer pips view on
	#309
setattr main disable_draw off
	#310
setattr main disable_draw on
	#311
setattr layer switch_boxes view off
	#312
setattr main disable_draw off
	#313
setattr main disable_draw on
	#314
setattr layer switch_boxes view on
	#315
setattr main disable_draw off
	#316
setattr main disable_draw on
	#317
setattr layer routes view off
	#318
setattr main disable_draw off
	#319
setattr main disable_draw on
	#320
setattr layer routes view on
	#321
setattr main disable_draw off
	#322
setattr main disable_draw on
	#323
setattr layer text view off
	#324
setattr main disable_draw off
	#325
setattr main disable_draw on
	#326
setattr layer text view on
	#327
setattr main disable_draw off
	#328
setattr main disable_draw on
	#329
setattr layer clock_regions view off
	#330
setattr main disable_draw off
	#331
setattr main disable_draw on
	#332
setattr layer clock_regions view on
	#333
setattr main disable_draw off
	#334
setattr main disable_draw on
	#335
setattr layer hard_macros view off
	#336
setattr main disable_draw off
	#337
setattr main disable_draw on
	#338
setattr layer hard_macros view on
	#339
setattr main disable_draw off
	#340
delay
	#ERROR:FPGAEditor:201 - The delay command can be used only when pins or nets are selected
	#.Select two pins, or one or more nets and try again.
	#341
route
	#ERROR:FPGAEditor:565 - There is no net in the selection. Please select a net to manual route.
	#342
unselect -all
	#343
select comp 'TMDS<3>'
	#comp "TMDS<3>",  site "B6",  bonded type = IOBM,  pad name = PAD15,  pin name = B6  (RPM grid X21Y506)
	#344
unselect -all
	#345
unselect -all
	#346
select net 'tmdsclk'
	#net "tmdsclk"
	#347
route
	#ERROR:FPGAEditor:553 - Selection contains no net pin.  Manual routing
	#requires the selection to include at least one pin of the net, or a wire
	#that is already a part of the partially routed net.
	#348
unselect -all
	#349
select comp 'TMDS<3>'
	#comp "TMDS<3>",  site "B6",  bonded type = IOBM,  pad name = PAD15,  pin name = B6  (RPM grid X21Y506)
	#350
unselect -all
	#351
select comp 'TMDS<3>'
	#comp "TMDS<3>",  site "B6",  bonded type = IOBM,  pad name = PAD15,  pin name = B6  (RPM grid X21Y506)
	#352
unselect -all
	#353
select comp 'TMDS<3>'
	#comp "TMDS<3>",  site "B6",  bonded type = IOBM,  pad name = PAD15,  pin name = B6  (RPM grid X21Y506)
	#354
unselect -all
	#355
select comp 'TMDS<3>'
	#comp "TMDS<3>",  site "B6",  bonded type = IOBM,  pad name = PAD15,  pin name = B6  (RPM grid X21Y506)
	#356
route
	#ERROR:FPGAEditor:565 - There is no net in the selection. Please select a net to manual route.
	#357
unselect -all
	#358
unselect -all
	#359
select net 'tmdsclk'
	#net "tmdsclk"
	#360
route
	#ERROR:FPGAEditor:553 - Selection contains no net pin.  Manual routing
	#requires the selection to include at least one pin of the net, or a wire
	#that is already a part of the partially routed net.
	#361
unselect -all
	#362
select comp 'TMDS<3>'
	#comp "TMDS<3>",  site "B6",  bonded type = IOBM,  pad name = PAD15,  pin name = B6  (RPM grid X21Y506)
	#363
unselect -all
	#364
select comp 'TMDS<3>'
	#comp "TMDS<3>",  site "B6",  bonded type = IOBM,  pad name = PAD15,  pin name = B6  (RPM grid X21Y506)
	#365
unselect -all
	#366
select comp 'TMDSB<3>'
	#comp "TMDSB<3>",  site "A6",  bonded type = IOBS,  pad name = PAD16,  pin name = A6  (RPM grid X21Y504)
	#367
unselect comp 'TMDSB<3>'
	#368
select -k comp 'TMDS<3>'
	#369
unselect comp 'TMDS<3>'
	#370
select -k comp 'TMDSB<0>'
	#371
unselect comp 'TMDSB<0>'
	#372
select -k comp 'TMDSB<1>'
	#373
unselect comp 'TMDSB<1>'
	#374
select -k comp 'TMDSB<2>'
	#375
unselect comp 'TMDSB<2>'
	#376
select -k comp 'TMDSB<3>'
	#377
unselect comp 'TMDSB<3>'
	#378
select -k comp 'tmdsclkint<0>'
	#379
unselect comp 'tmdsclkint<0>'
	#380
select -k comp 'TMDSB<3>'
	#381
select -k comp 'TMDSB<2>'
	#382
select -k comp 'TMDSB<1>'
	#383
select -k comp 'TMDSB<0>'
	#384
select -k comp 'TMDS<3>'
	#385
select -k comp 'TMDS<2>'
	#386
select -k comp 'TMDS<1>'
	#387
select -k comp 'TMDS<0>'
	#388
select -k comp 'timing_inst/vpos_cnt<10>'
	#389
unselect comp 'timing_inst/vpos_cnt<10>'
	#390
route
	#ERROR:FPGAEditor:565 - There is no net in the selection. Please select a net to manual route.
	#391
unselect comp 'TMDSB<3>'
	#392
unselect comp 'TMDSB<2>'
	#393
unselect comp 'TMDSB<1>'
	#394
unselect comp 'TMDSB<0>'
	#395
unselect comp 'TMDS<3>'
	#396
unselect comp 'TMDS<1>'
	#397
unselect comp 'TMDS<0>'
	#398
unselect comp 'TMDS<2>'
	#399
select -k comp 'TMDSB<0>'
	#400
unselect comp 'TMDSB<0>'
	#401
select -k comp 'TMDSB<1>'
	#402
unselect comp 'TMDSB<1>'
	#403
select -k comp 'TMDSB<0>'
	#404
unselect comp 'TMDSB<0>'
	#405
select -k comp 'TMDS<3>'
	#406
unselect comp 'TMDS<3>'
	#407
select -k comp 'TMDS<1>'
	#408
route -fanout
	#ERROR:FPGAEditor:565 - There is no net in the selection. Please select a net to manual route.
	#409
route -fanout
	#ERROR:FPGAEditor:565 - There is no net in the selection. Please select a net to manual route.
	#410
delay
	#ERROR:FPGAEditor:201 - The delay command can be used only when pins or nets are selected
	#.Select two pins, or one or more nets and try again.
	#411
unselect -all
	#412
select comp 'TMDS<3>'
	#comp "TMDS<3>",  site "B6",  bonded type = IOBM,  pad name = PAD15,  pin name = B6  (RPM grid X21Y506)
	#413
unselect -all
	#414
select net 'serdesstrobe'
	#net "serdesstrobe"
	#415
unselect -all
	#416
select pin 'OLOGIC_X4Y117.D2'
	#site.pin = OLOGIC_X4Y117.D2, comp.pin = clkout/oserdes_m.D2, delay = ~0.000ns on net "Mcount_ledc_cy<3>/ProtoComp43.B5LUT.O5"
	#417
unselect -all
	#418
select net 'serdesstrobe'
	#net "serdesstrobe"
	#419
unselect -all
	#420
select net 'serdesstrobe'
	#net "serdesstrobe"
	#421
unselect -all
	#422
select net 'serdesstrobe'
	#net "serdesstrobe"
	#423
unselect -all
	#424
select net 'serdesstrobe'
	#net "serdesstrobe"
	#425
unselect -all
	#426
select comp 'clkout/oserdes_m'
	#comp "clkout/oserdes_m",  site "OLOGIC_X4Y117",  type = OSERDES2  (RPM grid X23Y506)
	#427
select -k comp 'TMDS<3>'
	#comp "TMDS<3>",  site "B6",  bonded type = IOBM,  pad name = PAD15,  pin name = B6  (RPM grid X21Y506)
	#428
delay
	#ERROR:FPGAEditor:201 - The delay command can be used only when pins or nets are selected
	#.Select two pins, or one or more nets and try again.
	#429
unselect -all
	#430
select net 'tmdsclk'
	#net "tmdsclk"
	#431
delay
	#Net "tmdsclk":
	#   ~1.202ns - comp.pin "TMDS<3>.O", site.pin "B6.O"
	#     driver - comp.pin "clkout/oserdes_m.OQ", site.pin "OLOGIC_X4Y117.OQ"
	#432
unselect -all
	#433
select comp 'TMDS<3>'
	#comp "TMDS<3>",  site "B6",  bonded type = IOBM,  pad name = PAD15,  pin name = B6  (RPM grid X21Y506)
	#434
route
	#ERROR:FPGAEditor:565 - There is no net in the selection. Please select a net to manual route.
	#435
unselect -all
	#436
select comp 'TMDS<3>'
	#comp "TMDS<3>",  site "B6",  bonded type = IOBM,  pad name = PAD15,  pin name = B6  (RPM grid X21Y506)
	#437
autoroute
	#Completed route status: 0 of 2 nets are fully routed.
	#438
unselect -all
	#439
select comp 'TMDS<3>'
	#comp "TMDS<3>",  site "B6",  bonded type = IOBM,  pad name = PAD15,  pin name = B6  (RPM grid X21Y506)
	#440
probe selected
	#The probe command requires a read/write edit mode.
	#Do you want to change the edit mode?
	#441
route
	#ERROR:FPGAEditor:565 - There is no net in the selection. Please select a net to manual route.
	#442
unselect -all
	#443
select net 'tmdsclk'
	#net "tmdsclk"
	#444
route
	#ERROR:FPGAEditor:553 - Selection contains no net pin.  Manual routing
	#requires the selection to include at least one pin of the net, or a wire
	#that is already a part of the partially routed net.
	#445
unselect -all
	#446
select net 'tmds_data1<4>'
	#net "tmds_data1<4>"
	#447
unselect -all
	#448
select net 'tmds_data1<4>'
	#net "tmds_data1<4>"
	#449
unselect -all
	#450
unselect -all
	#451
select net 'tmds_data1<4>'
	#net "tmds_data1<4>"
	#452
unselect -all
	#453
unselect -all
	#454
unselect -all
	#455
select net 'tmds_data1<4>'
	#net "tmds_data1<4>"
	#456
unselect -all
	#457
select net 'tmds_data1<4>'
	#net "tmds_data1<4>"
	#458
unselect -all
	#459
select net 'tmds_data1<4>'
	#net "tmds_data1<4>"
	#460
unselect -all
	#461
select net 'tmds_data1<4>'
	#net "tmds_data1<4>"
	#462
unselect -all
	#463
select net 'tmds_data1<4>'
	#net "tmds_data1<4>"
	#464
unselect -all
	#465
unselect -all
	#466
select net 'tmds_data1<4>'
	#net "tmds_data1<4>"
	#467
unselect -all
	#468
select net 'tmds_data1<4>'
	#net "tmds_data1<4>"
	#469
unselect -all
	#470
select net 'tmds_data1<4>'
	#net "tmds_data1<4>"
	#471
unselect -all
	#472
select net 'tmds_data1<4>'
	#net "tmds_data1<4>"
	#473
unselect -all
	#474
select net 'tmds_data1<4>'
	#net "tmds_data1<4>"
	#475
unselect -all
	#476
select net 'tmds_data1<4>'
	#net "tmds_data1<4>"
	#477
unselect -all
	#478
select net 'tmds_data1<4>'
	#net "tmds_data1<4>"
	#479
unselect -all
	#480
select net 'tmds_data1<4>'
	#net "tmds_data1<4>"
	#481
unselect -all
	#482
select net 'tmds_data1<4>'
	#net "tmds_data1<4>"
	#483
unselect -all
	#484
unselect -all
	#485
select net 'tmds_data1<4>'
	#net "tmds_data1<4>"
	#486
unselect -all
	#487
select wire 'QUAD(-10853,156688)'
	#node = QUAD(-10853,156688)
	#488
unselect -all
	#489
select net 'enc0/pixel2x/dataint<9>'
	#net "enc0/pixel2x/dataint<9>"
	#490
unselect -all
	#491
select net 'enc0/pixel2x/dataint<9>'
	#net "enc0/pixel2x/dataint<9>"
	#492
unselect -all
	#493
select wire 'QUAD(-8081,163748)'
	#node = QUAD(-8081,163748)
	#494
unselect -all
	#495
select net 'tmds_data1<3>'
	#net "tmds_data1<3>"
	#496
unselect -all
	#497
select comp 'tmds_data1<3>'
	#comp "tmds_data1<3>",  site "SLICE_X25Y113",  type = SLICEX  (RPM grid X67Y452)
	#498
unselect -all
	#499
select comp 'tmds_data1<3>'
	#comp "tmds_data1<3>",  site "SLICE_X25Y113",  type = SLICEX  (RPM grid X67Y452)
	#500
unselect -all
	#501
select comp 'tmds_data1<3>'
	#comp "tmds_data1<3>",  site "SLICE_X25Y113",  type = SLICEX  (RPM grid X67Y452)
	#502
post block
	#<D5LUT>; bel <enc0/pixel2x/Mmux_mux131>; bel <enc0/pixel2x/Mmux_mux151>.
	#<C5LUT>; bel <enc0/pixel2x/Mmux_mux131>; bel <enc0/pixel2x/Mmux_mux151>.
	#<B5LUT>=((~A3*A2)+(A3*A1)); bel <enc0/pixel2x/Mmux_mux151>.
	#<A5LUT>=((~A3*A2)+(A3*A1)); bel <enc0/pixel2x/Mmux_mux131>.
	#503
unselect -all
	#504
select comp 'tmds_data2<4>'
	#comp "tmds_data2<4>",  site "SLICE_X24Y115",  type = SLICEX  (RPM grid X65Y460)
	#505
unselect -all
	#506
select comp 'tc_heblnk<6>1_FRB'
	#comp "tc_heblnk<6>1_FRB",  site "SLICE_X21Y72",  type = SLICEX  (RPM grid X59Y288)
	#507
unselect -all
	#508
select comp 'tc_veblnk<4>1_FRB'
	#comp "tc_veblnk<4>1_FRB",  site "SLICE_X25Y72",  type = SLICEX  (RPM grid X67Y288)
	#509
unselect -all
	#510
select comp 'timing_inst/vpos_cnt<9>'
	#comp "timing_inst/vpos_cnt<9>",  site "SLICE_X27Y72",  type = SLICEX  (RPM grid X71Y288)
	#511
unselect -all
	#512
select comp 'TMDSB<3>'
	#comp "TMDSB<3>",  site "A6",  bonded type = IOBS,  pad name = PAD16,  pin name = A6  (RPM grid X21Y504)
	#513
unselect -all
	#514
select comp 'TMDS<1>'
	#comp "TMDS<1>",  site "C7",  bonded type = IOBM,  pad name = PAD13,  pin name = C7  (RPM grid X21Y510)
	#515
unselect -all
	#516
select wire 'INPUT(-157,211288)'
	#node = INPUT(-157,211288)
	#517
unselect -all
	#518
select pin 'BUFPLL_X1Y4.GCLK'
	#site.pin = BUFPLL_X1Y4.GCLK, comp.pin = ioclk_buf.GCLK, delay = ~1.396ns on net "pclkx2"
	#519
unselect -all
	#520
select pin 'BUFPLL_X1Y4.GCLK'
	#site.pin = BUFPLL_X1Y4.GCLK, comp.pin = ioclk_buf.GCLK, delay = ~1.396ns on net "pclkx2"
	#521
unselect -all
	#522
select comp 'oserdes2/oserdes_m'
	#comp "oserdes2/oserdes_m",  site "OLOGIC_X12Y117",  type = OSERDES2  (RPM grid X71Y506)
	#523
unselect -all
	#524
select comp 'oserdes2/oserdes_s'
	#comp "oserdes2/oserdes_s",  site "OLOGIC_X12Y116",  type = OSERDES2  (RPM grid X71Y504)
	#525
unselect -all
	#526
select net 'serdesstrobe'
	#net "serdesstrobe"
	#527
unselect -all
	#528
select site 'ILOGIC_X12Y116'
	#site "ILOGIC_X12Y116",  type = ILOGIC2  (RPM grid X70Y504)
	#529
unselect -all
	#530
select site 'IODELAY_X12Y116'
	#site "IODELAY_X12Y116",  type = IODELAY2  (RPM grid X70Y505)
	#531
unselect -all
	#532
select net 'serdesstrobe'
	#net "serdesstrobe"
	#533
unselect -all
	#534
select site 'ILOGIC_X12Y117'
	#site "ILOGIC_X12Y117",  type = ILOGIC2  (RPM grid X70Y506)
	#535
unselect -all
	#536
select comp 'oserdes2/oserdes_m'
	#comp "oserdes2/oserdes_m",  site "OLOGIC_X12Y117",  type = OSERDES2  (RPM grid X71Y506)
	#537
unselect -all
	#538
select wire 'GENERIC(-7646,207631)'
	#node = GENERIC(-7646,207631)
	#539
unselect -all
	#540
select wire 'GENERIC(-7674,207745)'
	#node = GENERIC(-7674,207745)
	#541
unselect -all
	#542
unselect -all
	#543
unselect -all
	#544
unselect -all
	#545
unselect -all
	#546
unselect -all
	#547
unselect -all
	#548
devcolor wire cost 3 turquoise
	#549
refresh
	#550
setattr layer local_lines view on
	#551
delay
	#ERROR:FPGAEditor:201 - The delay command can be used only when pins or nets are selected
	#.Select two pins, or one or more nets and try again.
	#552
refresh
