1_00 // DATA[0] : Blue
1_01 // DATA[0] : Green
1_02 // DATA[0] : Red
1_03 // DATA[1] : Blue
1_04 // DATA[1] : Green
1_05 // DATA[1] : Red
1_06 // DATA[2] : Blue
1_07 // DATA[2] : Green
1_08 // DATA[2] : Red
1_09 // DATA[3] : Blue
1_0a // DATA[3] : Green
1_0b // DATA[3] : Red
1_0c // DATA[4] : Blue
1_0d // DATA[4] : Green
1_0e // DATA[4] : Red
1_0f // DATA[5] : Blue
1_10 // DATA[5] : Green
1_11 // DATA[5] : Red
1_12 // DATA[6] : Blue
1_13 // DATA[6] : Green
1_14 // DATA[6] : Red
1_15 // DATA[7] : Blue
1_16 // DATA[7] : Green
1_17 // DATA[7] : Red
1_18 // DATA[8] : Blue
1_19 // DATA[8] : Green
1_1a // DATA[8] : Red
1_1b // DATA[9] : Blue
1_1c // DATA[9] : Green
1_1d // DATA[9] : Red
1_1e // DATA[10] : Blue
1_1f // DATA[10] : Green
1_20 // DATA[10] : Red
1_21 // DATA[11] : Blue
1_22 // DATA[11] : Green
1_23 // DATA[11] : Red
1_24 // DATA[12] : Blue
1_25 // DATA[12] : Green
1_26 // DATA[12] : Red
1_27 // DATA[13] : Blue
1_28 // DATA[13] : Green
1_29 // DATA[13] : Red
1_2a // DATA[14] : Blue
1_2b // DATA[14] : Green
1_2c // DATA[14] : Red
1_2d // DATA[15] : Blue
1_2e // DATA[15] : Green
1_2f // DATA[15] : Red
1_30 // DATA[16] : Blue
1_31 // DATA[16] : Green
1_32 // DATA[16] : Red
1_33 // DATA[17] : Blue
1_34 // DATA[17] : Green
1_35 // DATA[17] : Red
1_36 // DATA[18] : Blue
1_37 // DATA[18] : Green
1_38 // DATA[18] : Red
1_39 // DATA[19] : Blue
1_3a // DATA[19] : Green
1_3b // DATA[19] : Red
1_3c // DATA[20] : Blue
1_3d // DATA[20] : Green
1_3e // DATA[20] : Red
1_3f // DATA[21] : Blue
1_40 // DATA[21] : Green
1_41 // DATA[21] : Red
1_42 // DATA[22] : Blue
1_43 // DATA[22] : Green
1_44 // DATA[22] : Red
1_45 // DATA[23] : Blue
1_46 // DATA[23] : Green
1_47 // DATA[23] : Red
1_48 // DATA[24] : Blue
1_49 // DATA[24] : Green
1_4a // DATA[24] : Red
1_4b // DATA[25] : Blue
1_4c // DATA[25] : Green
1_4d // DATA[25] : Red
1_4e // DATA[26] : Blue
1_4f // DATA[26] : Green
1_50 // DATA[26] : Red
1_51 // DATA[27] : Blue
1_52 // DATA[27] : Green
1_53 // DATA[27] : Red
1_54 // DATA[28] : Blue
1_55 // DATA[28] : Green
1_56 // DATA[28] : Red
1_57 // DATA[29] : Blue
1_58 // DATA[29] : Green
1_59 // DATA[29] : Red
1_5a // DATA[30] : Blue
1_5b // DATA[30] : Green
1_5c // DATA[30] : Red
1_5d // DATA[31] : Blue
1_5e // DATA[31] : Green
1_5f // DATA[31] : Red
1_60 // DATA[32] : Blue
1_61 // DATA[32] : Green
1_62 // DATA[32] : Red
1_63 // DATA[33] : Blue
1_64 // DATA[33] : Green
1_65 // DATA[33] : Red
1_66 // DATA[34] : Blue
1_67 // DATA[34] : Green
1_68 // DATA[34] : Red
1_69 // DATA[35] : Blue
1_6a // DATA[35] : Green
1_6b // DATA[35] : Red
1_6c // DATA[36] : Blue
1_6d // DATA[36] : Green
1_6e // DATA[36] : Red
1_6f // DATA[37] : Blue
1_70 // DATA[37] : Green
1_71 // DATA[37] : Red
1_72 // DATA[38] : Blue
1_73 // DATA[38] : Green
1_74 // DATA[38] : Red
1_75 // DATA[39] : Blue
1_76 // DATA[39] : Green
1_77 // DATA[39] : Red
1_78 // DATA[40] : Blue
1_79 // DATA[40] : Green
1_7a // DATA[40] : Red
1_7b // DATA[41] : Blue
1_7c // DATA[41] : Green
1_7d // DATA[41] : Red
1_7e // DATA[42] : Blue
1_7f // DATA[42] : Green
1_80 // DATA[42] : Red
1_81 // DATA[43] : Blue
1_82 // DATA[43] : Green
1_83 // DATA[43] : Red
1_84 // DATA[44] : Blue
1_85 // DATA[44] : Green
1_86 // DATA[44] : Red
1_87 // DATA[45] : Blue
1_88 // DATA[45] : Green
1_89 // DATA[45] : Red
1_8a // DATA[46] : Blue
1_8b // DATA[46] : Green
1_8c // DATA[46] : Red
1_8d // DATA[47] : Blue
1_8e // DATA[47] : Green
1_8f // DATA[47] : Red
1_90 // DATA[48] : Blue
1_91 // DATA[48] : Green
1_92 // DATA[48] : Red
1_93 // DATA[49] : Blue
1_94 // DATA[49] : Green
1_95 // DATA[49] : Red
1_96 // DATA[50] : Blue
1_97 // DATA[50] : Green
1_98 // DATA[50] : Red
1_99 // DATA[51] : Blue
1_9a // DATA[51] : Green
1_9b // DATA[51] : Red
1_9c // DATA[52] : Blue
1_9d // DATA[52] : Green
1_9e // DATA[52] : Red
1_9f // DATA[53] : Blue
1_a0 // DATA[53] : Green
1_a1 // DATA[53] : Red
1_a2 // DATA[54] : Blue
1_a3 // DATA[54] : Green
1_a4 // DATA[54] : Red
1_a5 // DATA[55] : Blue
1_a6 // DATA[55] : Green
1_a7 // DATA[55] : Red
1_a8 // DATA[56] : Blue
1_a9 // DATA[56] : Green
1_aa // DATA[56] : Red
1_ab // DATA[57] : Blue
1_ac // DATA[57] : Green
1_ad // DATA[57] : Red
1_ae // DATA[58] : Blue
1_af // DATA[58] : Green
1_b0 // DATA[58] : Red
1_b1 // DATA[59] : Blue
1_b2 // DATA[59] : Green
1_b3 // DATA[59] : Red
1_b4 // DATA[60] : Blue
1_b5 // DATA[60] : Green
1_b6 // DATA[60] : Red
1_b7 // DATA[61] : Blue
1_b8 // DATA[61] : Green
1_b9 // DATA[61] : Red
1_ba // DATA[62] : Blue
1_bb // DATA[62] : Green
1_bc // DATA[62] : Red
1_bd // DATA[63] : Blue
1_be // DATA[63] : Green
1_bf // DATA[63] : Red
1_c0 // DATA[64] : Blue
1_c1 // DATA[64] : Green
1_c2 // DATA[64] : Red
1_c3 // DATA[65] : Blue
1_c4 // DATA[65] : Green
1_c5 // DATA[65] : Red
1_c6 // DATA[66] : Blue
1_c7 // DATA[66] : Green
1_c8 // DATA[66] : Red
1_c9 // DATA[67] : Blue
1_ca // DATA[67] : Green
1_cb // DATA[67] : Red
1_cc // DATA[68] : Blue
1_cd // DATA[68] : Green
1_ce // DATA[68] : Red
1_cf // DATA[69] : Blue
1_d0 // DATA[69] : Green
1_d1 // DATA[69] : Red
1_d2 // DATA[70] : Blue
1_d3 // DATA[70] : Green
1_d4 // DATA[70] : Red
1_d5 // DATA[71] : Blue
1_d6 // DATA[71] : Green
1_d7 // DATA[71] : Red
1_d8 // DATA[72] : Blue
1_d9 // DATA[72] : Green
1_da // DATA[72] : Red
1_db // DATA[73] : Blue
1_dc // DATA[73] : Green
1_dd // DATA[73] : Red
1_de // DATA[74] : Blue
1_df // DATA[74] : Green
1_e0 // DATA[74] : Red
1_e1 // DATA[75] : Blue
1_e2 // DATA[75] : Green
1_e3 // DATA[75] : Red
1_e4 // DATA[76] : Blue
1_e5 // DATA[76] : Green
1_e6 // DATA[76] : Red
1_e7 // DATA[77] : Blue
1_e8 // DATA[77] : Green
1_e9 // DATA[77] : Red
1_ea // DATA[78] : Blue
1_eb // DATA[78] : Green
1_ec // DATA[78] : Red
1_ed // DATA[79] : Blue
1_ee // DATA[79] : Green
1_ef // DATA[79] : Red
1_f0 // DATA[80] : Blue
1_f1 // DATA[80] : Green
1_f2 // DATA[80] : Red
1_f3 // DATA[81] : Blue
1_f4 // DATA[81] : Green
1_f5 // DATA[81] : Red
1_f6 // DATA[82] : Blue
1_f7 // DATA[82] : Green
1_f8 // DATA[82] : Red
1_f9 // DATA[83] : Blue
1_fa // DATA[83] : Green
1_fb // DATA[83] : Red
1_fc // DATA[84] : Blue
1_fd // DATA[84] : Green
1_fe // DATA[84] : Red
1_00 // DATA[85] : Blue
1_01 // DATA[85] : Green
1_02 // DATA[85] : Red
1_03 // DATA[86] : Blue
1_04 // DATA[86] : Green
1_05 // DATA[86] : Red
1_06 // DATA[87] : Blue
1_07 // DATA[87] : Green
1_08 // DATA[87] : Red
1_09 // DATA[88] : Blue
1_0a // DATA[88] : Green
1_0b // DATA[88] : Red
1_0c // DATA[89] : Blue
1_0d // DATA[89] : Green
1_0e // DATA[89] : Red
1_0f // DATA[90] : Blue
1_10 // DATA[90] : Green
1_11 // DATA[90] : Red
1_12 // DATA[91] : Blue
1_13 // DATA[91] : Green
1_14 // DATA[91] : Red
1_15 // DATA[92] : Blue
1_16 // DATA[92] : Green
1_17 // DATA[92] : Red
1_18 // DATA[93] : Blue
1_19 // DATA[93] : Green
1_1a // DATA[93] : Red
1_1b // DATA[94] : Blue
1_1c // DATA[94] : Green
1_1d // DATA[94] : Red
1_1e // DATA[95] : Blue
1_1f // DATA[95] : Green
1_20 // DATA[95] : Red
1_21 // DATA[96] : Blue
1_22 // DATA[96] : Green
1_23 // DATA[96] : Red
1_24 // DATA[97] : Blue
1_25 // DATA[97] : Green
1_26 // DATA[97] : Red
1_27 // DATA[98] : Blue
1_28 // DATA[98] : Green
1_29 // DATA[98] : Red
1_2a // DATA[99] : Blue
1_2b // DATA[99] : Green
1_2c // DATA[99] : Red
1_2d // DATA[100] : Blue
1_2e // DATA[100] : Green
1_2f // DATA[100] : Red
1_30 // DATA[101] : Blue
1_31 // DATA[101] : Green
1_32 // DATA[101] : Red
1_33 // DATA[102] : Blue
1_34 // DATA[102] : Green
1_35 // DATA[102] : Red
1_36 // DATA[103] : Blue
1_37 // DATA[103] : Green
1_38 // DATA[103] : Red
1_39 // DATA[104] : Blue
1_3a // DATA[104] : Green
1_3b // DATA[104] : Red
1_3c // DATA[105] : Blue
1_3d // DATA[105] : Green
1_3e // DATA[105] : Red
1_3f // DATA[106] : Blue
1_40 // DATA[106] : Green
1_41 // DATA[106] : Red
1_42 // DATA[107] : Blue
1_43 // DATA[107] : Green
1_44 // DATA[107] : Red
1_45 // DATA[108] : Blue
1_46 // DATA[108] : Green
1_47 // DATA[108] : Red
1_48 // DATA[109] : Blue
1_49 // DATA[109] : Green
1_4a // DATA[109] : Red
1_4b // DATA[110] : Blue
1_4c // DATA[110] : Green
1_4d // DATA[110] : Red
1_4e // DATA[111] : Blue
1_4f // DATA[111] : Green
1_50 // DATA[111] : Red
1_51 // DATA[112] : Blue
1_52 // DATA[112] : Green
1_53 // DATA[112] : Red
1_54 // DATA[113] : Blue
1_55 // DATA[113] : Green
1_56 // DATA[113] : Red
1_57 // DATA[114] : Blue
1_58 // DATA[114] : Green
1_59 // DATA[114] : Red
1_5a // DATA[115] : Blue
1_5b // DATA[115] : Green
1_5c // DATA[115] : Red
1_5d // DATA[116] : Blue
1_5e // DATA[116] : Green
1_5f // DATA[116] : Red
1_60 // DATA[117] : Blue
1_61 // DATA[117] : Green
1_62 // DATA[117] : Red
1_63 // DATA[118] : Blue
1_64 // DATA[118] : Green
1_65 // DATA[118] : Red
1_66 // DATA[119] : Blue
1_67 // DATA[119] : Green
1_68 // DATA[119] : Red
1_69 // DATA[120] : Blue
1_6a // DATA[120] : Green
1_6b // DATA[120] : Red
1_6c // DATA[121] : Blue
1_6d // DATA[121] : Green
1_6e // DATA[121] : Red
1_6f // DATA[122] : Blue
1_70 // DATA[122] : Green
1_71 // DATA[122] : Red
1_72 // DATA[123] : Blue
1_73 // DATA[123] : Green
1_74 // DATA[123] : Red
1_75 // DATA[124] : Blue
1_76 // DATA[124] : Green
1_77 // DATA[124] : Red
1_78 // DATA[125] : Blue
1_79 // DATA[125] : Green
1_7a // DATA[125] : Red
1_7b // DATA[126] : Blue
1_7c // DATA[126] : Green
1_7d // DATA[126] : Red
1_7e // DATA[127] : Blue
1_7f // DATA[127] : Green
1_80 // DATA[127] : Red
1_81 // DATA[128] : Blue
1_82 // DATA[128] : Green
1_83 // DATA[128] : Red
1_84 // DATA[129] : Blue
1_85 // DATA[129] : Green
1_86 // DATA[129] : Red
1_87 // DATA[130] : Blue
1_88 // DATA[130] : Green
1_89 // DATA[130] : Red
1_8a // DATA[131] : Blue
1_8b // DATA[131] : Green
1_8c // DATA[131] : Red
1_8d // DATA[132] : Blue
1_8e // DATA[132] : Green
1_8f // DATA[132] : Red
1_90 // DATA[133] : Blue
1_91 // DATA[133] : Green
1_92 // DATA[133] : Red
1_93 // DATA[134] : Blue
1_94 // DATA[134] : Green
1_95 // DATA[134] : Red
1_96 // DATA[135] : Blue
1_97 // DATA[135] : Green
1_98 // DATA[135] : Red
1_99 // DATA[136] : Blue
1_9a // DATA[136] : Green
1_9b // DATA[136] : Red
1_9c // DATA[137] : Blue
1_9d // DATA[137] : Green
1_9e // DATA[137] : Red
1_9f // DATA[138] : Blue
1_a0 // DATA[138] : Green
1_a1 // DATA[138] : Red
1_a2 // DATA[139] : Blue
1_a3 // DATA[139] : Green
1_a4 // DATA[139] : Red
1_a5 // DATA[140] : Blue
1_a6 // DATA[140] : Green
1_a7 // DATA[140] : Red
1_a8 // DATA[141] : Blue
1_a9 // DATA[141] : Green
1_aa // DATA[141] : Red
1_ab // DATA[142] : Blue
1_ac // DATA[142] : Green
1_ad // DATA[142] : Red
1_ae // DATA[143] : Blue
1_af // DATA[143] : Green
1_b0 // DATA[143] : Red
1_b1 // DATA[144] : Blue
1_b2 // DATA[144] : Green
1_b3 // DATA[144] : Red
1_b4 // DATA[145] : Blue
1_b5 // DATA[145] : Green
1_b6 // DATA[145] : Red
1_b7 // DATA[146] : Blue
1_b8 // DATA[146] : Green
1_b9 // DATA[146] : Red
1_ba // DATA[147] : Blue
1_bb // DATA[147] : Green
1_bc // DATA[147] : Red
1_bd // DATA[148] : Blue
1_be // DATA[148] : Green
1_bf // DATA[148] : Red
1_c0 // DATA[149] : Blue
1_c1 // DATA[149] : Green
1_c2 // DATA[149] : Red
1_c3 // DATA[150] : Blue
1_c4 // DATA[150] : Green
1_c5 // DATA[150] : Red
1_c6 // DATA[151] : Blue
1_c7 // DATA[151] : Green
1_c8 // DATA[151] : Red
1_c9 // DATA[152] : Blue
1_ca // DATA[152] : Green
1_cb // DATA[152] : Red
1_cc // DATA[153] : Blue
1_cd // DATA[153] : Green
1_ce // DATA[153] : Red
1_cf // DATA[154] : Blue
1_d0 // DATA[154] : Green
1_d1 // DATA[154] : Red
1_d2 // DATA[155] : Blue
1_d3 // DATA[155] : Green
1_d4 // DATA[155] : Red
1_d5 // DATA[156] : Blue
1_d6 // DATA[156] : Green
1_d7 // DATA[156] : Red
1_d8 // DATA[157] : Blue
1_d9 // DATA[157] : Green
1_da // DATA[157] : Red
1_db // DATA[158] : Blue
1_dc // DATA[158] : Green
1_dd // DATA[158] : Red
1_de // DATA[159] : Blue
1_df // DATA[159] : Green
1_e0 // DATA[159] : Red
1_e1 // DATA[160] : Blue
1_e2 // DATA[160] : Green
1_e3 // DATA[160] : Red
1_e4 // DATA[161] : Blue
1_e5 // DATA[161] : Green
1_e6 // DATA[161] : Red
1_e7 // DATA[162] : Blue
1_e8 // DATA[162] : Green
1_e9 // DATA[162] : Red
1_ea // DATA[163] : Blue
1_eb // DATA[163] : Green
1_ec // DATA[163] : Red
1_ed // DATA[164] : Blue
1_ee // DATA[164] : Green
1_ef // DATA[164] : Red
1_f0 // DATA[165] : Blue
1_f1 // DATA[165] : Green
1_f2 // DATA[165] : Red
1_f3 // DATA[166] : Blue
1_f4 // DATA[166] : Green
1_f5 // DATA[166] : Red
1_f6 // DATA[167] : Blue
1_f7 // DATA[167] : Green
1_f8 // DATA[167] : Red
1_f9 // DATA[168] : Blue
1_fa // DATA[168] : Green
1_fb // DATA[168] : Red
1_fc // DATA[169] : Blue
1_fd // DATA[169] : Green
1_fe // DATA[169] : Red
1_00 // DATA[170] : Blue
1_01 // DATA[170] : Green
1_02 // DATA[170] : Red
1_03 // DATA[171] : Blue
1_04 // DATA[171] : Green
1_05 // DATA[171] : Red
1_06 // DATA[172] : Blue
1_07 // DATA[172] : Green
1_08 // DATA[172] : Red
1_09 // DATA[173] : Blue
1_0a // DATA[173] : Green
1_0b // DATA[173] : Red
1_0c // DATA[174] : Blue
1_0d // DATA[174] : Green
1_0e // DATA[174] : Red
1_0f // DATA[175] : Blue
1_10 // DATA[175] : Green
1_11 // DATA[175] : Red
1_12 // DATA[176] : Blue
1_13 // DATA[176] : Green
1_14 // DATA[176] : Red
1_15 // DATA[177] : Blue
1_16 // DATA[177] : Green
1_17 // DATA[177] : Red
1_18 // DATA[178] : Blue
1_19 // DATA[178] : Green
1_1a // DATA[178] : Red
1_1b // DATA[179] : Blue
1_1c // DATA[179] : Green
1_1d // DATA[179] : Red
1_1e // DATA[180] : Blue
1_1f // DATA[180] : Green
1_20 // DATA[180] : Red
1_21 // DATA[181] : Blue
1_22 // DATA[181] : Green
1_23 // DATA[181] : Red
1_24 // DATA[182] : Blue
1_25 // DATA[182] : Green
1_26 // DATA[182] : Red
1_27 // DATA[183] : Blue
1_28 // DATA[183] : Green
1_29 // DATA[183] : Red
1_2a // DATA[184] : Blue
1_2b // DATA[184] : Green
1_2c // DATA[184] : Red
1_2d // DATA[185] : Blue
1_2e // DATA[185] : Green
1_2f // DATA[185] : Red
1_30 // DATA[186] : Blue
1_31 // DATA[186] : Green
1_32 // DATA[186] : Red
1_33 // DATA[187] : Blue
1_34 // DATA[187] : Green
1_35 // DATA[187] : Red
1_36 // DATA[188] : Blue
1_37 // DATA[188] : Green
1_38 // DATA[188] : Red
1_39 // DATA[189] : Blue
1_3a // DATA[189] : Green
1_3b // DATA[189] : Red
1_3c // DATA[190] : Blue
1_3d // DATA[190] : Green
1_3e // DATA[190] : Red
1_3f // DATA[191] : Blue
1_40 // DATA[191] : Green
1_41 // DATA[191] : Red
1_42 // DATA[192] : Blue
1_43 // DATA[192] : Green
1_44 // DATA[192] : Red
1_45 // DATA[193] : Blue
1_46 // DATA[193] : Green
1_47 // DATA[193] : Red
1_48 // DATA[194] : Blue
1_49 // DATA[194] : Green
1_4a // DATA[194] : Red
1_4b // DATA[195] : Blue
1_4c // DATA[195] : Green
1_4d // DATA[195] : Red
1_4e // DATA[196] : Blue
1_4f // DATA[196] : Green
1_50 // DATA[196] : Red
1_51 // DATA[197] : Blue
1_52 // DATA[197] : Green
1_53 // DATA[197] : Red
1_54 // DATA[198] : Blue
1_55 // DATA[198] : Green
1_56 // DATA[198] : Red
1_57 // DATA[199] : Blue
1_58 // DATA[199] : Green
1_59 // DATA[199] : Red
1_5a // DATA[200] : Blue
1_5b // DATA[200] : Green
1_5c // DATA[200] : Red
1_5d // DATA[201] : Blue
1_5e // DATA[201] : Green
1_5f // DATA[201] : Red
1_60 // DATA[202] : Blue
1_61 // DATA[202] : Green
1_62 // DATA[202] : Red
1_63 // DATA[203] : Blue
1_64 // DATA[203] : Green
1_65 // DATA[203] : Red
1_66 // DATA[204] : Blue
1_67 // DATA[204] : Green
1_68 // DATA[204] : Red
1_69 // DATA[205] : Blue
1_6a // DATA[205] : Green
1_6b // DATA[205] : Red
1_6c // DATA[206] : Blue
1_6d // DATA[206] : Green
1_6e // DATA[206] : Red
1_6f // DATA[207] : Blue
1_70 // DATA[207] : Green
1_71 // DATA[207] : Red
1_72 // DATA[208] : Blue
1_73 // DATA[208] : Green
1_74 // DATA[208] : Red
1_75 // DATA[209] : Blue
1_76 // DATA[209] : Green
1_77 // DATA[209] : Red
1_78 // DATA[210] : Blue
1_79 // DATA[210] : Green
1_7a // DATA[210] : Red
1_7b // DATA[211] : Blue
1_7c // DATA[211] : Green
1_7d // DATA[211] : Red
1_7e // DATA[212] : Blue
1_7f // DATA[212] : Green
1_80 // DATA[212] : Red
1_81 // DATA[213] : Blue
1_82 // DATA[213] : Green
1_83 // DATA[213] : Red
1_84 // DATA[214] : Blue
1_85 // DATA[214] : Green
1_86 // DATA[214] : Red
1_87 // DATA[215] : Blue
1_88 // DATA[215] : Green
1_89 // DATA[215] : Red
1_8a // DATA[216] : Blue
1_8b // DATA[216] : Green
1_8c // DATA[216] : Red
1_8d // DATA[217] : Blue
1_8e // DATA[217] : Green
1_8f // DATA[217] : Red
1_90 // DATA[218] : Blue
1_91 // DATA[218] : Green
1_92 // DATA[218] : Red
1_93 // DATA[219] : Blue
1_94 // DATA[219] : Green
1_95 // DATA[219] : Red
1_96 // DATA[220] : Blue
1_97 // DATA[220] : Green
1_98 // DATA[220] : Red
1_99 // DATA[221] : Blue
1_9a // DATA[221] : Green
1_9b // DATA[221] : Red
1_9c // DATA[222] : Blue
1_9d // DATA[222] : Green
1_9e // DATA[222] : Red
1_9f // DATA[223] : Blue
1_a0 // DATA[223] : Green
1_a1 // DATA[223] : Red
1_a2 // DATA[224] : Blue
1_a3 // DATA[224] : Green
1_a4 // DATA[224] : Red
1_a5 // DATA[225] : Blue
1_a6 // DATA[225] : Green
1_a7 // DATA[225] : Red
1_a8 // DATA[226] : Blue
1_a9 // DATA[226] : Green
1_aa // DATA[226] : Red
1_ab // DATA[227] : Blue
1_ac // DATA[227] : Green
1_ad // DATA[227] : Red
1_ae // DATA[228] : Blue
1_af // DATA[228] : Green
1_b0 // DATA[228] : Red
1_b1 // DATA[229] : Blue
1_b2 // DATA[229] : Green
1_b3 // DATA[229] : Red
1_b4 // DATA[230] : Blue
1_b5 // DATA[230] : Green
1_b6 // DATA[230] : Red
1_b7 // DATA[231] : Blue
1_b8 // DATA[231] : Green
1_b9 // DATA[231] : Red
1_ba // DATA[232] : Blue
1_bb // DATA[232] : Green
1_bc // DATA[232] : Red
1_bd // DATA[233] : Blue
1_be // DATA[233] : Green
1_bf // DATA[233] : Red
1_c0 // DATA[234] : Blue
1_c1 // DATA[234] : Green
1_c2 // DATA[234] : Red
1_c3 // DATA[235] : Blue
1_c4 // DATA[235] : Green
1_c5 // DATA[235] : Red
1_c6 // DATA[236] : Blue
1_c7 // DATA[236] : Green
1_c8 // DATA[236] : Red
1_c9 // DATA[237] : Blue
1_ca // DATA[237] : Green
1_cb // DATA[237] : Red
1_cc // DATA[238] : Blue
1_cd // DATA[238] : Green
1_ce // DATA[238] : Red
1_cf // DATA[239] : Blue
1_d0 // DATA[239] : Green
1_d1 // DATA[239] : Red
1_d2 // DATA[240] : Blue
1_d3 // DATA[240] : Green
1_d4 // DATA[240] : Red
1_d5 // DATA[241] : Blue
1_d6 // DATA[241] : Green
1_d7 // DATA[241] : Red
1_d8 // DATA[242] : Blue
1_d9 // DATA[242] : Green
1_da // DATA[242] : Red
1_db // DATA[243] : Blue
1_dc // DATA[243] : Green
1_dd // DATA[243] : Red
1_de // DATA[244] : Blue
1_df // DATA[244] : Green
1_e0 // DATA[244] : Red
1_e1 // DATA[245] : Blue
1_e2 // DATA[245] : Green
1_e3 // DATA[245] : Red
1_e4 // DATA[246] : Blue
1_e5 // DATA[246] : Green
1_e6 // DATA[246] : Red
1_e7 // DATA[247] : Blue
1_e8 // DATA[247] : Green
1_e9 // DATA[247] : Red
1_ea // DATA[248] : Blue
1_eb // DATA[248] : Green
1_ec // DATA[248] : Red
1_ed // DATA[249] : Blue
1_ee // DATA[249] : Green
1_ef // DATA[249] : Red
1_f0 // DATA[250] : Blue
1_f1 // DATA[250] : Green
1_f2 // DATA[250] : Red
1_f3 // DATA[251] : Blue
1_f4 // DATA[251] : Green
1_f5 // DATA[251] : Red
1_f6 // DATA[252] : Blue
1_f7 // DATA[252] : Green
1_f8 // DATA[252] : Red
1_f9 // DATA[253] : Blue
1_fa // DATA[253] : Green
1_fb // DATA[253] : Red
1_fc // DATA[254] : Blue
1_fd // DATA[254] : Green
1_fe // DATA[254] : Red
1_00 // DATA[255] : Blue
1_01 // DATA[255] : Green
1_02 // DATA[255] : Red
1_03 // DATA[256] : Blue
1_04 // DATA[256] : Green
1_05 // DATA[256] : Red
1_06 // DATA[257] : Blue
1_07 // DATA[257] : Green
1_08 // DATA[257] : Red
1_09 // DATA[258] : Blue
1_0a // DATA[258] : Green
1_0b // DATA[258] : Red
1_0c // DATA[259] : Blue
1_0d // DATA[259] : Green
1_0e // DATA[259] : Red
1_0f // DATA[260] : Blue
1_10 // DATA[260] : Green
1_11 // DATA[260] : Red
1_12 // DATA[261] : Blue
1_13 // DATA[261] : Green
1_14 // DATA[261] : Red
1_15 // DATA[262] : Blue
1_16 // DATA[262] : Green
1_17 // DATA[262] : Red
1_18 // DATA[263] : Blue
1_19 // DATA[263] : Green
1_1a // DATA[263] : Red
1_1b // DATA[264] : Blue
1_1c // DATA[264] : Green
1_1d // DATA[264] : Red
1_1e // DATA[265] : Blue
1_1f // DATA[265] : Green
1_20 // DATA[265] : Red
1_21 // DATA[266] : Blue
1_22 // DATA[266] : Green
1_23 // DATA[266] : Red
1_24 // DATA[267] : Blue
1_25 // DATA[267] : Green
1_26 // DATA[267] : Red
1_27 // DATA[268] : Blue
1_28 // DATA[268] : Green
1_29 // DATA[268] : Red
1_2a // DATA[269] : Blue
1_2b // DATA[269] : Green
1_2c // DATA[269] : Red
1_2d // DATA[270] : Blue
1_2e // DATA[270] : Green
1_2f // DATA[270] : Red
1_30 // DATA[271] : Blue
1_31 // DATA[271] : Green
1_32 // DATA[271] : Red
1_33 // DATA[272] : Blue
1_34 // DATA[272] : Green
1_35 // DATA[272] : Red
1_36 // DATA[273] : Blue
1_37 // DATA[273] : Green
1_38 // DATA[273] : Red
1_39 // DATA[274] : Blue
1_3a // DATA[274] : Green
1_3b // DATA[274] : Red
1_3c // DATA[275] : Blue
1_3d // DATA[275] : Green
1_3e // DATA[275] : Red
1_3f // DATA[276] : Blue
1_40 // DATA[276] : Green
1_41 // DATA[276] : Red
1_42 // DATA[277] : Blue
1_43 // DATA[277] : Green
1_44 // DATA[277] : Red
1_45 // DATA[278] : Blue
1_46 // DATA[278] : Green
1_47 // DATA[278] : Red
1_48 // DATA[279] : Blue
1_49 // DATA[279] : Green
1_4a // DATA[279] : Red
1_4b // DATA[280] : Blue
1_4c // DATA[280] : Green
1_4d // DATA[280] : Red
1_4e // DATA[281] : Blue
1_4f // DATA[281] : Green
1_50 // DATA[281] : Red
1_51 // DATA[282] : Blue
1_52 // DATA[282] : Green
1_53 // DATA[282] : Red
1_54 // DATA[283] : Blue
1_55 // DATA[283] : Green
1_56 // DATA[283] : Red
1_57 // DATA[284] : Blue
1_58 // DATA[284] : Green
1_59 // DATA[284] : Red
1_5a // DATA[285] : Blue
1_5b // DATA[285] : Green
1_5c // DATA[285] : Red
1_5d // DATA[286] : Blue
1_5e // DATA[286] : Green
1_5f // DATA[286] : Red
1_60 // DATA[287] : Blue
1_61 // DATA[287] : Green
1_62 // DATA[287] : Red
1_63 // DATA[288] : Blue
1_64 // DATA[288] : Green
1_65 // DATA[288] : Red
1_66 // DATA[289] : Blue
1_67 // DATA[289] : Green
1_68 // DATA[289] : Red
1_69 // DATA[290] : Blue
1_6a // DATA[290] : Green
1_6b // DATA[290] : Red
1_6c // DATA[291] : Blue
1_6d // DATA[291] : Green
1_6e // DATA[291] : Red
1_6f // DATA[292] : Blue
1_70 // DATA[292] : Green
1_71 // DATA[292] : Red
1_72 // DATA[293] : Blue
1_73 // DATA[293] : Green
1_74 // DATA[293] : Red
1_75 // DATA[294] : Blue
1_76 // DATA[294] : Green
1_77 // DATA[294] : Red
1_78 // DATA[295] : Blue
1_79 // DATA[295] : Green
1_7a // DATA[295] : Red
1_7b // DATA[296] : Blue
1_7c // DATA[296] : Green
1_7d // DATA[296] : Red
1_7e // DATA[297] : Blue
1_7f // DATA[297] : Green
1_80 // DATA[297] : Red
1_81 // DATA[298] : Blue
1_82 // DATA[298] : Green
1_83 // DATA[298] : Red
1_84 // DATA[299] : Blue
1_85 // DATA[299] : Green
1_86 // DATA[299] : Red
1_87 // DATA[300] : Blue
1_88 // DATA[300] : Green
1_89 // DATA[300] : Red
1_8a // DATA[301] : Blue
1_8b // DATA[301] : Green
1_8c // DATA[301] : Red
1_8d // DATA[302] : Blue
1_8e // DATA[302] : Green
1_8f // DATA[302] : Red
1_90 // DATA[303] : Blue
1_91 // DATA[303] : Green
1_92 // DATA[303] : Red
1_93 // DATA[304] : Blue
1_94 // DATA[304] : Green
1_95 // DATA[304] : Red
1_96 // DATA[305] : Blue
1_97 // DATA[305] : Green
1_98 // DATA[305] : Red
1_99 // DATA[306] : Blue
1_9a // DATA[306] : Green
1_9b // DATA[306] : Red
1_9c // DATA[307] : Blue
1_9d // DATA[307] : Green
1_9e // DATA[307] : Red
1_9f // DATA[308] : Blue
1_a0 // DATA[308] : Green
1_a1 // DATA[308] : Red
1_a2 // DATA[309] : Blue
1_a3 // DATA[309] : Green
1_a4 // DATA[309] : Red
1_a5 // DATA[310] : Blue
1_a6 // DATA[310] : Green
1_a7 // DATA[310] : Red
1_a8 // DATA[311] : Blue
1_a9 // DATA[311] : Green
1_aa // DATA[311] : Red
1_ab // DATA[312] : Blue
1_ac // DATA[312] : Green
1_ad // DATA[312] : Red
1_ae // DATA[313] : Blue
1_af // DATA[313] : Green
1_b0 // DATA[313] : Red
1_b1 // DATA[314] : Blue
1_b2 // DATA[314] : Green
1_b3 // DATA[314] : Red
1_b4 // DATA[315] : Blue
1_b5 // DATA[315] : Green
1_b6 // DATA[315] : Red
1_b7 // DATA[316] : Blue
1_b8 // DATA[316] : Green
1_b9 // DATA[316] : Red
1_ba // DATA[317] : Blue
1_bb // DATA[317] : Green
1_bc // DATA[317] : Red
1_bd // DATA[318] : Blue
1_be // DATA[318] : Green
1_bf // DATA[318] : Red
1_c0 // DATA[319] : Blue
1_c1 // DATA[319] : Green
1_c2 // DATA[319] : Red
