#-----------------------------------------------------------
# PlanAhead v14.6
# Build 269223 by xbuild on Wed Jun  5 11:07:01 MDT 2013
# Start of session at: Mon Nov 18 13:36:47 2013
# Process ID: 28128
# Log file: /home/aom/Work/ver/Atlys/Gmii_receive/planAhead_run_1/planAhead.log
# Journal file: /home/aom/Work/ver/Atlys/Gmii_receive/planAhead_run_1/planAhead.jou
#-----------------------------------------------------------
INFO: [Common 17-78] Attempting to get a license: PlanAhead
INFO: [Common 17-290] Got license for PlanAhead
INFO: [Device 21-36] Loading parts and site information from /opt/Xilinx/14.6/ISE_DS/PlanAhead/data/parts/arch.xml
Parsing RTL primitives file [/opt/Xilinx/14.6/ISE_DS/PlanAhead/data/parts/xilinx/rtl/prims/rtl_prims.xml]
Finished parsing RTL primitives file [/opt/Xilinx/14.6/ISE_DS/PlanAhead/data/parts/xilinx/rtl/prims/rtl_prims.xml]
start_gui
source /home/aom/Work/ver/Atlys/Gmii_receive/pa.fromNetlist.tcl
# create_project -name Gmii_receive -dir "/home/aom/Work/ver/Atlys/Gmii_receive/planAhead_run_3" -part xc6slx45csg324-3
create_project: Time (s): cpu = 00:00:05 ; elapsed = 00:00:08 . Memory (MB): peak = 1006.344 ; gain = 29.020
# set_property design_mode GateLvl [get_property srcset [current_run -impl]]
# set_property edif_top_file "/home/aom/Work/ver/Atlys/Gmii_receive/vtc_demo.ngc" [ get_property srcset [ current_run ] ]
# add_files -norecurse { {/home/aom/Work/ver/Atlys/Gmii_receive} {core/fifo} {ipcore_dir} }
# set_property target_constrs_file "/home/aom/Work/ver/Atlys/Gmii_receive/boards/atlys/synthesis/gmii_atlys.ucf" [current_fileset -constrset]
Adding file '/home/aom/Work/ver/Atlys/Gmii_receive/boards/atlys/synthesis/gmii_atlys.ucf' to fileset 'constrs_1'
# add_files [list {/home/aom/Work/ver/Atlys/Gmii_receive/boards/atlys/synthesis/gmii_atlys.ucf}] -fileset [get_property constrset [current_run]]
# link_design
Design is defaulting to srcset: sources_1
Design is defaulting to constrset: constrs_1
Design is defaulting to project part: xc6slx45csg324-3
Release 14.6 - ngc2edif P.68d (lin)
Copyright (c) 1995-2013 Xilinx, Inc.  All rights reserved.

Release 14.6 - ngc2edif P.68d (lin)
Copyright (c) 1995-2013 Xilinx, Inc.  All rights reserved.
Reading design vtc_demo.ngc ...
WARNING:NetListWriters:298 - No output is written to vtc_demo.xncf, ignored.
Processing design ...
   Preping design's networks ...
   Preping design's macros ...
WARNING:NetListWriters:306 - Signal bus dout<27 : 0> on block vtc_demo is not
   reconstructed, because there are some missing bus signals.
WARNING:NetListWriters:306 - Signal bus tc_hsblnk<10 : 5> on block vtc_demo is
   not reconstructed, because there are some missing bus signals.
WARNING:NetListWriters:306 - Signal bus tc_hssync<6 : 4> on block vtc_demo is
   not reconstructed, because there are some missing bus signals.
WARNING:NetListWriters:306 - Signal bus tc_hesync<10 : 3> on block vtc_demo is
   not reconstructed, because there are some missing bus signals.
WARNING:NetListWriters:306 - Signal bus tc_heblnk<10 : 0> on block vtc_demo is
   not reconstructed, because there are some missing bus signals.
WARNING:NetListWriters:306 - Signal bus tc_veblnk<9 : 4> on block vtc_demo is
   not reconstructed, because there are some missing bus signals.
WARNING:NetListWriters:306 - Signal bus enc0/encr/c1_reg_decision3_mux_54_OUT<4
   : 1> on block vtc_demo is not reconstructed, because there are some missing
   bus signals.
  finished :Prep
Writing EDIF netlist file vtc_demo.edif ...
ngc2edif: Total memory usage is 32768 kilobytes

Parsing EDIF File [./planAhead_run_3/Gmii_receive.data/cache/vtc_demo_ngc_935ddc1d.edif]
Finished Parsing EDIF File [./planAhead_run_3/Gmii_receive.data/cache/vtc_demo_ngc_935ddc1d.edif]
Release 14.6 - ngc2edif P.68d (lin)
Copyright (c) 1995-2013 Xilinx, Inc.  All rights reserved.

Release 14.6 - ngc2edif P.68d (lin)
Copyright (c) 1995-2013 Xilinx, Inc.  All rights reserved.
Reading design fifo29_32767.ngc ...
WARNING:NetListWriters:298 - No output is written to fifo29_32767.xncf, ignored.
Processing design ...
   Preping design's networks ...
   Preping design's macros ...
  finished :Prep
Writing EDIF netlist file fifo29_32767.edif ...
ngc2edif: Total memory usage is 33608 kilobytes

Reading core file '/home/aom/Work/ver/Atlys/Gmii_receive/core/fifo/fifo29_32767.ngc' for (cell view 'fifo29_32767', library 'vtc_demo_lib', file 'vtc_demo.ngc')
Parsing EDIF File [./planAhead_run_3/Gmii_receive.data/cache/fifo29_32767_ngc_733bffee.edif]
ERROR: [EDIF 20-105] Parse error on or above line 2119. EDIF file was not written properly by 'Xilinx ngc2edif'

    while executing
"link_design"
    (file "/home/aom/Work/ver/Atlys/Gmii_receive/pa.fromNetlist.tcl" line 10)
exit
ERROR: [#UNDEF] *** Exception: ui.h.b: Found deleted key in HTclEventBroker. Verify if the classes listed here call cleanup()
HTclEvent: SIGNAL_BUS_MODIFY   Classes: ui.views.aR 
HTclEvent: DEBUG_CORE_CONFIG_CHANGE   Classes: ui.views.aR 
HTclEvent: SIGNAL_MODIFY   Classes: ui.views.aR 
HTclEvent: DEBUG_PORT_CONFIG_CHANGE   Classes: ui.views.aR 
 (See /home/aom/Work/ver/Atlys/Gmii_receive/planAhead_pid28128.debug)
ERROR: [Common 17-39] 'stop_gui' failed due to earlier errors.
INFO: [Common 17-206] Exiting PlanAhead at Mon Nov 18 13:39:36 2013...
INFO: [Common 17-83] Releasing license: PlanAhead
