iMPACT Version: 14.6

iMPACT log file Started on Sun Jan  5 17:55:32 2014

Welcome to iMPACT
iMPACT Version: 14.6
// *** BATCH CMD : setMode -bs
GUI --- Auto connect to cable...
// *** BATCH CMD : setCable -port auto
INFO:iMPACT - Digilent Plugin: Plugin Version: 2.4.3
INFO:iMPACT - Digilent Plugin: found 1 device(s).
INFO:iMPACT - Digilent Plugin: opening device: "obp", SN:000000000000
INFO:iMPACT - Digilent Plugin: User Name: obp
INFO:iMPACT - Digilent Plugin: Product Name: Avnet On-Board Programmer
INFO:iMPACT - Digilent Plugin: Serial Number: 000000000000
INFO:iMPACT - Digilent Plugin: Product ID: F030012D
INFO:iMPACT - Digilent Plugin: Firmware Version: 011B
INFO:iMPACT - Digilent Plugin: JTAG Port Number: 0
INFO:iMPACT - Digilent Plugin: JTAG Clock Frequency: 4000000 Hz
Attempting to identify devices in the boundary-scan chain configuration...
INFO:iMPACT - Current time: 14/01/05 17:55
// *** BATCH CMD : Identify -inferir 
PROGRESS_START - Starting Operation.
Identifying chain contents...'0': : Manufacturer's ID = Xilinx xc6slx9, Version : 2
INFO:iMPACT:1777 - 
   Reading /opt/Xilinx/14.6/ISE_DS/ISE/spartan6/data/xc6slx9.bsd...
INFO:iMPACT:501 - '1': Added Device xc6slx9 successfully.
----------------------------------------------------------------------
done.
PROGRESS_END - End Operation.
Elapsed time =      0 sec.
// *** BATCH CMD : identifyMPM 
Selected part: N25Q128
// *** BATCH CMD : attachflash -position 1 -spi "N25Q128"
Unprotect sectors: FALSE
// *** BATCH CMD : assignfiletoattachedflash -position 1 -file"/home/aom/Work/ver/Atlys/Lx9Proto/boards/atlys/synthesis/build/top.mcs"
INFO:iMPACT - Current time: 14/01/05 17:57
// *** BATCH CMD : Program -p 1 -dataWidth 1 -spionly -e -v -loadfpga 
Maximum TCK operating frequency for this device chain: 25000000.
Validating chain...
Boundary-scan chain validated successfully.
PROGRESS_START - Starting Operation.
'1': IDCODE is '20ba18' (in hex).
'1': ID Check passed.
'1': IDCODE is '20ba18' (in hex).
'1': ID Check passed.
'1': Erasing Device.
'1': Using Sector Erase.
'1': Programming Flash.
'1': Reading device contents...
