iMPACT Version: 14.6

iMPACT log file Started on Sun Jan  5 17:19:57 2014

Welcome to iMPACT
iMPACT Version: 14.6
// *** BATCH CMD : setMode -bs
GUI --- Auto connect to cable...
// *** BATCH CMD : setCable -port auto
INFO:iMPACT - Digilent Plugin: Plugin Version: 2.4.3
INFO:iMPACT - Digilent Plugin: found 1 device(s).
INFO:iMPACT - Digilent Plugin: opening device: "obp", SN:000000000000
INFO:iMPACT - Digilent Plugin: User Name: obp
INFO:iMPACT - Digilent Plugin: Product Name: Avnet On-Board Programmer
INFO:iMPACT - Digilent Plugin: Serial Number: 000000000000
INFO:iMPACT - Digilent Plugin: Product ID: F030012D
INFO:iMPACT - Digilent Plugin: Firmware Version: 011B
INFO:iMPACT - Digilent Plugin: JTAG Port Number: 0
INFO:iMPACT - Digilent Plugin: JTAG Clock Frequency: 4000000 Hz
Attempting to identify devices in the boundary-scan chain configuration...
INFO:iMPACT - Current time: 14/01/05 17:20
// *** BATCH CMD : Identify -inferir 
PROGRESS_START - Starting Operation.
Identifying chain contents...'0': : Manufacturer's ID = Xilinx xc6slx9, Version : 2
INFO:iMPACT:1777 - 
   Reading /opt/Xilinx/14.6/ISE_DS/ISE/spartan6/data/xc6slx9.bsd...
INFO:iMPACT:501 - '1': Added Device xc6slx9 successfully.
----------------------------------------------------------------------
done.
PROGRESS_END - End Operation.
Elapsed time =      1 sec.
// *** BATCH CMD : identifyMPM 
Selected part: N25Q128
// *** BATCH CMD : attachflash -position 1 -spi "N25Q128"
Unprotect sectors: FALSE
// *** BATCH CMD : assignfiletoattachedflash -position 1 -file"/home/aom/Work/ver/Atlys/Lx9Proto/boards/atlys/synthesis/build/Untitled.mcs"
INFO:iMPACT - Current time: 14/01/05 17:21
// *** BATCH CMD : Program -p 1 -dataWidth 1 -spionly -e -v -loadfpga 
Maximum TCK operating frequency for this device chain: 25000000.
Validating chain...
Boundary-scan chain validated successfully.
PROGRESS_START - Starting Operation.
'1': IDCODE is 'ffffff' (in hex).
'1': ID Check failed.
INFO:iMPACT:2488 - The operation did not complete successfully.
INFO:iMPACT - SPI Device not found.
INFO:iMPACT:2488 - The operation did not complete successfully.
INFO:iMPACT - '1': Flash was not programmed successfully.
PROGRESS_END - End Operation.
Elapsed time =      0 sec.
INFO:iMPACT - Current time: 14/01/05 17:22
// *** BATCH CMD : Program -p 1 -dataWidth 4 -spionly -e -v -loadfpga 
Maximum TCK operating frequency for this device chain: 25000000.
Validating chain...
PROGRESS_START - Starting Operation.
Boundary-scan chain validated successfully.
'1': IDCODE is 'ffffff' (in hex).
'1': ID Check failed.
INFO:iMPACT:2488 - The operation did not complete successfully.
INFO:iMPACT - SPI Device not found.
INFO:iMPACT:2488 - The operation did not complete successfully.
INFO:iMPACT - '1': Flash was not programmed successfully.
PROGRESS_END - End Operation.
Elapsed time =      0 sec.
// *** BATCH CMD : setMode -pff
// *** BATCH CMD : addConfigDevice  -name "Untitled" -path"/home/aom/Work/Lx9Proto/boards/atlys/synthesis/build"
// *** BATCH CMD : setSubmode -pffspi
// *** BATCH CMD : setAttribute -configdevice -attr multibootBpiType -value ""
// *** BATCH CMD : addDesign -version 0 -name "0"
// *** BATCH CMD : setMode -pff
// *** BATCH CMD : addDeviceChain -index 0
// *** BATCH CMD : setMode -pff
// *** BATCH CMD : addDeviceChain -index 0
Override chain at index 0.
Overriding chain at index 0.
// *** BATCH CMD : setAttribute -configdevice -attr compressed -value "FALSE"
// *** BATCH CMD : setAttribute -configdevice -attr autoSize -value "FALSE"
// *** BATCH CMD : setAttribute -configdevice -attr fileFormat -value "mcs"
// *** BATCH CMD : setAttribute -configdevice -attr fillValue -value "FF"
// *** BATCH CMD : setAttribute -configdevice -attr swapBit -value "FALSE"
// *** BATCH CMD : setAttribute -configdevice -attr dir -value "UP"
// *** BATCH CMD : setAttribute -configdevice -attr multiboot -value "FALSE"
// *** BATCH CMD : setAttribute -configdevice -attr spiSelected -value "TRUE"
// *** BATCH CMD : addPromDevice -p 1 -size 512 -name 512K
'1': Added Device 512K successfully.
----------------------------------------------------------------------
// *** BATCH CMD : setMode -pff
// *** BATCH CMD : addDeviceChain -index 0
Override chain at index 0.
Overriding chain at index 0.
// *** BATCH CMD : setMode -pff
// *** BATCH CMD : addDeviceChain -index 0
Override chain at index 0.
Overriding chain at index 0.
// *** BATCH CMD : setSubmode -pffspi
// *** BATCH CMD : setMode -pff
------------------------  GUI: Wizard Data Report  ---------------------------
      Compression : false
      Fill Value : FF
      Output Format : mcs
      Swap Bits : false
      LoadDirection : UP
      PROM Basename : Untitled
      File Location : /home/aom/Work/Lx9Proto/boards/atlys/synthesis/build/
      Auto Select : false
      Number of Revisions : 1
      Number of PROMs : 1
      PROM Name : 512K   PROM Size : 524288 bits
-------------------------- END of Report ----------------------------
// *** BATCH CMD : setAttribute -design -attr name -value "0000"
// *** BATCH CMD : addDevice -p 1 -file"/home/aom/Work/Lx9Proto/boards/atlys/synthesis/build/top.bit"
'1': Loading file '/home/aom/Work/Lx9Proto/boards/atlys/synthesis/build/top.bit'...
INFO:iMPACT - Elapsed time =      0 sec.
done.
INFO:iMPACT:501 - '1': Added Device xc6slx45 successfully.
----------------------------------------------------------------------
Add one device.16a79d// *** BATCH CMD : addPromDevice -p 2 -size 1024 -name 1M
'2': Added Device 1M successfully.
----------------------------------------------------------------------
// *** BATCH CMD : deletePromDevice -position 1
----------------------------------------------------------------------
// *** BATCH CMD : addPromDevice -p 2 -size 2048 -name 2M
'2': Added Device 2M successfully.
----------------------------------------------------------------------
// *** BATCH CMD : deletePromDevice -position 1
----------------------------------------------------------------------
// *** BATCH CMD : cutDevice -p 1
// *** BATCH CMD : addPromDevice -p 2 -size 512 -name 512K
'2': Added Device 512K successfully.
----------------------------------------------------------------------
// *** BATCH CMD : deletePromDevice -position 1
----------------------------------------------------------------------
// *** BATCH CMD : setMode -pff
// *** BATCH CMD : addDevice -p 1 -file"/home/aom/Work/ver/Atlys/Lx9Proto/boards/atlys/synthesis/build/top.bit"
'1': Loading file'/home/aom/Work/ver/Atlys/Lx9Proto/boards/atlys/synthesis/build/top.bit' ...
INFO:iMPACT - Elapsed time =      0 sec.
done.
INFO:iMPACT:501 - '1': Added Device xc6slx9 successfully.
----------------------------------------------------------------------
Add one device.INFO:iMPACT - Current time: 14/01/05 17:25
// *** BATCH CMD : setMode -pff
// *** BATCH CMD : setSubmode -pffspi
Total configuration bit size = 2724832  bits.
// *** BATCH CMD : generate
Total configuration byte size = 340604 bytes.
0x5327c (340604) bytes loaded up from 0x0
Using user-specified prom size of 512K
Writing file"/home/aom/Work/Lx9Proto/boards/atlys/synthesis/build/Untitled.mcs".
Writing file"/home/aom/Work/Lx9Proto/boards/atlys/synthesis/build/Untitled.prm".
Writing file"/home/aom/Work/Lx9Proto/boards/atlys/synthesis/build/Untitled.cfi".
// *** BATCH CMD : setCurrentDesign -version 0
INFO:iMPACT - Current time: 14/01/05 17:26
// *** BATCH CMD : setMode -pff
// *** BATCH CMD : setSubmode -pffspi
Total configuration bit size = 2724832  bits.
// *** BATCH CMD : generate
Total configuration byte size = 340604 bytes.
0x5327c (340604) bytes loaded up from 0x0
Using user-specified prom size of 512K
Writing file"/home/aom/Work/Lx9Proto/boards/atlys/synthesis/build/Untitled.mcs".
Writing file"/home/aom/Work/Lx9Proto/boards/atlys/synthesis/build/Untitled.prm".
Writing file"/home/aom/Work/Lx9Proto/boards/atlys/synthesis/build/Untitled.cfi".
// *** BATCH CMD : setCurrentDesign -version 0
// *** BATCH CMD : setMode -bs
Attempting to identify devices in the boundary-scan chain configuration...
INFO:iMPACT - Current time: 14/01/05 17:26
// *** BATCH CMD : Identify -inferir 
PROGRESS_START - Starting Operation.
Identifying chain contents...'0': : Manufacturer's ID = Xilinx xc6slx9, Version : 2
INFO:iMPACT:1777 - 
   Reading /opt/Xilinx/14.6/ISE_DS/ISE/spartan6/data/xc6slx9.bsd...
INFO:iMPACT:501 - '1': Added Device xc6slx9 successfully.
----------------------------------------------------------------------
done.
PROGRESS_END - End Operation.
Elapsed time =      0 sec.
// *** BATCH CMD : identifyMPM 
Selected part: N25Q128
// *** BATCH CMD : attachflash -position 1 -spi "N25Q128"
Unprotect sectors: FALSE
// *** BATCH CMD : assignfiletoattachedflash -position 1 -file"/home/aom/Work/ver/Atlys/Lx9Proto/boards/atlys/synthesis/build/Untitled.mcs"
INFO:iMPACT - Current time: 14/01/05 17:27
// *** BATCH CMD : Program -p 1 -dataWidth 1 -spionly -e -v -loadfpga 
Maximum TCK operating frequency for this device chain: 25000000.
Validating chain...
Boundary-scan chain validated successfully.
PROGRESS_START - Starting Operation.
'1': IDCODE is 'ffffff' (in hex).
'1': ID Check failed.
INFO:iMPACT:2488 - The operation did not complete successfully.
INFO:iMPACT - SPI Device not found.
INFO:iMPACT:2488 - The operation did not complete successfully.
INFO:iMPACT - '1': Flash was not programmed successfully.
PROGRESS_END - End Operation.
Elapsed time =      0 sec.
INFO:iMPACT - Current time: 14/01/05 17:27
// *** BATCH CMD : Program -p 1 -dataWidth 1 -spionly -e -v -loadfpga 
PROGRESS_START - Starting Operation.
Maximum TCK operating frequency for this device chain: 25000000.
Validating chain...
Boundary-scan chain validated successfully.
'1': IDCODE is 'ffffff' (in hex).
'1': ID Check failed.
INFO:iMPACT:2488 - The operation did not complete successfully.
INFO:iMPACT - SPI Device not found.
INFO:iMPACT:2488 - The operation did not complete successfully.
INFO:iMPACT - '1': Flash was not programmed successfully.
PROGRESS_END - End Operation.
Elapsed time =      1 sec.
INFO:iMPACT - Current time: 14/01/05 17:28
// *** BATCH CMD : ReadStatusRegister -p 1 -spi 
Maximum TCK operating frequency for this device chain: 25000000.
Validating chain...
Boundary-scan chain validated successfully.
'1': Reading bootsts register contents...
[0] VALID_0 - ERROR OR END OF STARTUP (EOS) DETECTED                       :        1
[1] FALLBACK_0 - FALLBACK RECONFIGURATION ATTEMPT DETECTED                 :        0
[2] RESERVED                                                               :        0
[3] WTO_ERROR_0 - WATCHDOG TIME OUT ERROR                                  :        0
[4] ID_ERROR_0 - FPGA DEVICE IDCODE ERROR                                  :        0
[5] CRC_ERROR_0 - CYCLIC REDUNDANCY CHECK (CRC) ERROR                      :        0
[6] VALID_1 - ERROR OR END OF STARTUP (EOS) DETECTED                       :        0
[7] FALLBACK_1 - FALLBACK RECONFIGURATION ATTEMPT DETECTED                 :        0
[8] RESERVED                                                               :        0
[9] WTO_ERROR_1 - WATCHDOG TIME OUT ERROR                                  :        0
[10] ID_ERROR_1 - FPGA DEVICE IDCODE ERROR                                 :        0
[11] CRC_ERROR_1 - CYCLIC REDUNDANCY CHECK (CRC) ERROR                     :        0
[12] STRIKE CNT - STRIKE COUNT FOR FALLBACK ATTEMPTS                       :        0
[13] STRIKE_CNT - STRIKE COUNT FOR FALLBACK ATTEMPTS                       :        0
[14] STRIKE_CNT - STRIKE COUNT FOR FALLBACK ATTEMPTS                       :        0
[15] STRIKE_CNT - STRIKE COUNT FOR FALLBACK ATTEMPTS                       :        0
'1': Reading status register contents...
[0] CRC ERROR                                                              :        0
[1] IDCODE ERROR                                                           :        0
[2] DCM LOCK STATUS                                                        :        1
[3] GTS_CFG_B STATUS                                                       :        1
[4] GWE STATUS                                                             :        1
[5] GHIGH STATUS                                                           :        1
[6] DECRYPTION ERROR                                                       :        0
[7] DECRYPTOR ENABLE                                                       :        0
[8] HSWAPEN PIN                                                            :        1
[9] MODE PIN M[0]                                                          :        1
[10] MODE PIN M[1]                                                         :        1
[11] RESERVED                                                              :        0
[12] INIT_B PIN                                                            :        1
[13] DONE PIN                                                              :        1
[14] SUSPEND STATUS                                                        :        0
[15] FALLBACK STATUS                                                       :        0
'1': IDCODE is 'ffffff' (in hex).
'1': ID Check failed.
INFO:iMPACT:2488 - The operation did not complete successfully.
INFO:iMPACT - SPI Device not found.
INFO:iMPACT:2488 - The operation did not complete successfully.
INFO:iMPACT - Current time: 14/01/05 17:28
// *** BATCH CMD : ReadUsercode -p 1 
Maximum TCK operating frequency for this device chain: 25000000.
Validating chain...
Boundary-scan chain validated successfully.
'1': Usercode is 'ffffffff'
INFO:iMPACT - Current time: 14/01/05 17:28
// *** BATCH CMD : ReadIdcode -p 1 
Maximum TCK operating frequency for this device chain: 25000000.
Validating chain...
Boundary-scan chain validated successfully.
'1': IDCODE is '00100100000000000001000010010011'
'1': IDCODE is '24001093' (in hex).
'1': : Manufacturer's ID = Xilinx xc6slx9, Version : 2
INFO:iMPACT - Current time: 14/01/05 17:28
// *** BATCH CMD : Checksum -p 1 -spionly 
Maximum TCK operating frequency for this device chain: 25000000.
Validating chain...
PROGRESS_START - Starting Operation.
Boundary-scan chain validated successfully.
'1': IDCODE is 'ffffff' (in hex).
'1': ID Check failed.
INFO:iMPACT:2488 - The operation did not complete successfully.
INFO:iMPACT - SPI Device not found.
INFO:iMPACT:2488 - The operation did not complete successfully.
PROGRESS_END - End Operation.
Elapsed time =      1 sec.
INFO:iMPACT - Current time: 14/01/05 17:29
// *** BATCH CMD : ReadStatusRegister -p 1 -spionly 
Maximum TCK operating frequency for this device chain: 25000000.
Validating chain...
Boundary-scan chain validated successfully.
'1': IDCODE is 'ffffff' (in hex).
'1': ID Check failed.
INFO:iMPACT:2488 - The operation did not complete successfully.
INFO:iMPACT - SPI Device not found.
INFO:iMPACT:2488 - The operation did not complete successfully.
INFO:iMPACT - Current time: 14/01/05 17:29
// *** BATCH CMD : ReadStatusRegister -p 1 -spionly 
Maximum TCK operating frequency for this device chain: 25000000.
Validating chain...
Boundary-scan chain validated successfully.
'1': IDCODE is 'ffffff' (in hex).
'1': ID Check failed.
INFO:iMPACT:2488 - The operation did not complete successfully.
INFO:iMPACT - SPI Device not found.
INFO:iMPACT:2488 - The operation did not complete successfully.
INFO:iMPACT - Current time: 14/01/05 17:29
// *** BATCH CMD : BlankCheck -p 1 -spionly 
PROGRESS_START - Starting Operation.
Maximum TCK operating frequency for this device chain: 25000000.
Validating chain...
Boundary-scan chain validated successfully.
'1': IDCODE is 'ffffff' (in hex).
'1': ID Check failed.
INFO:iMPACT:2488 - The operation did not complete successfully.
INFO:iMPACT - SPI Device not found.
INFO:iMPACT:2488 - The operation did not complete successfully.
PROGRESS_END - End Operation.
Elapsed time =      1 sec.
INFO:iMPACT - Current time: 14/01/05 17:29
// *** BATCH CMD : Erase -p 1 -spionly 
Maximum TCK operating frequency for this device chain: 25000000.
Validating chain...
PROGRESS_START - Starting Operation.
Boundary-scan chain validated successfully.
'1': IDCODE is 'ffffff' (in hex).
'1': ID Check failed.
INFO:iMPACT:2488 - The operation did not complete successfully.
INFO:iMPACT - SPI Device not found.
INFO:iMPACT:2488 - The operation did not complete successfully.
PROGRESS_END - End Operation.
Elapsed time =      0 sec.
INFO:iMPACT - Current time: 14/01/05 17:29
// *** BATCH CMD : Verify -p 1 -spionly 
Maximum TCK operating frequency for this device chain: 25000000.
Validating chain...
PROGRESS_START - Starting Operation.
Boundary-scan chain validated successfully.
'1': IDCODE is 'ffffff' (in hex).
'1': ID Check failed.
INFO:iMPACT:2488 - The operation did not complete successfully.
INFO:iMPACT - SPI Device not found.
INFO:iMPACT:2488 - The operation did not complete successfully.
PROGRESS_END - End Operation.
Elapsed time =      1 sec.
Selected part: N25Q256
// *** BATCH CMD : attachflash -position 1 -spi "N25Q256"
Unprotect sectors: FALSE
// *** BATCH CMD : assignfiletoattachedflash -position 1 -file"/home/aom/Work/ver/Atlys/Lx9Proto/boards/atlys/synthesis/build/Untitled.mcs"
INFO:iMPACT - Current time: 14/01/05 17:30
// *** BATCH CMD : Checksum -p 1 -spionly 
Maximum TCK operating frequency for this device chain: 25000000.
Validating chain...
PROGRESS_START - Starting Operation.
Boundary-scan chain validated successfully.
'1': IDCODE is 'ffffff' (in hex).
'1': ID Check failed.
INFO:iMPACT:2488 - The operation did not complete successfully.
INFO:iMPACT - SPI Device not found.
INFO:iMPACT:2488 - The operation did not complete successfully.
PROGRESS_END - End Operation.
Elapsed time =      1 sec.
INFO:iMPACT - Current time: 14/01/05 17:30
// *** BATCH CMD : ReadStatusRegister -p 1 -spionly 
Maximum TCK operating frequency for this device chain: 25000000.
Validating chain...
Boundary-scan chain validated successfully.
'1': IDCODE is 'ffffff' (in hex).
'1': ID Check failed.
INFO:iMPACT:2488 - The operation did not complete successfully.
INFO:iMPACT - SPI Device not found.
INFO:iMPACT:2488 - The operation did not complete successfully.
Selected part: N25Q128
// *** BATCH CMD : attachflash -position 1 -spi "N25Q128"
Unprotect sectors: FALSE
// *** BATCH CMD : assignfiletoattachedflash -position 1 -file"/home/aom/Work/ver/Atlys/Lx9Proto/boards/atlys/synthesis/build/Untitled.mcs"
INFO:iMPACT - Current time: 14/01/05 17:31
// *** BATCH CMD : ReadStatusRegister -p 1 -spionly 
Maximum TCK operating frequency for this device chain: 25000000.
Validating chain...
Boundary-scan chain validated successfully.
'1': IDCODE is 'ffffff' (in hex).
'1': ID Check failed.
INFO:iMPACT:2488 - The operation did not complete successfully.
INFO:iMPACT - SPI Device not found.
INFO:iMPACT:2488 - The operation did not complete successfully.
INFO:iMPACT - Current time: 14/01/05 17:31
// *** BATCH CMD : Checksum -p 1 -spionly 
PROGRESS_START - Starting Operation.
Maximum TCK operating frequency for this device chain: 25000000.
Validating chain...
Boundary-scan chain validated successfully.
'1': IDCODE is 'ffffff' (in hex).
'1': ID Check failed.
INFO:iMPACT:2488 - The operation did not complete successfully.
INFO:iMPACT - SPI Device not found.
INFO:iMPACT:2488 - The operation did not complete successfully.
PROGRESS_END - End Operation.
Elapsed time =      0 sec.
INFO:iMPACT - Current time: 14/01/05 17:31
// *** BATCH CMD : Program -p 1 -dataWidth 4 -spionly -e -v -loadfpga 
Maximum TCK operating frequency for this device chain: 25000000.
Validating chain...
Boundary-scan chain validated successfully.
PROGRESS_START - Starting Operation.
'1': IDCODE is 'ffffff' (in hex).
'1': ID Check failed.
INFO:iMPACT:2488 - The operation did not complete successfully.
INFO:iMPACT - SPI Device not found.
INFO:iMPACT:2488 - The operation did not complete successfully.
INFO:iMPACT - '1': Flash was not programmed successfully.
PROGRESS_END - End Operation.
Elapsed time =      0 sec.
Selected part: N25Q128
// *** BATCH CMD : attachflash -position 1 -spi "N25Q128"
Unprotect sectors: FALSE
// *** BATCH CMD : assignfiletoattachedflash -position 1 -file"/home/aom/Work/ver/Atlys/Lx9Proto/boards/atlys/synthesis/build/top.mcs"
INFO:iMPACT - Current time: 14/01/05 17:38
// *** BATCH CMD : Program -p 1 -dataWidth 1 -spionly -e -v -loadfpga 
Maximum TCK operating frequency for this device chain: 25000000.
Validating chain...
Boundary-scan chain validated successfully.
PROGRESS_START - Starting Operation.
'1': IDCODE is 'ffffff' (in hex).
'1': ID Check failed.
INFO:iMPACT:2488 - The operation did not complete successfully.
INFO:iMPACT - SPI Device not found.
INFO:iMPACT:2488 - The operation did not complete successfully.
INFO:iMPACT - '1': Flash was not programmed successfully.
PROGRESS_END - End Operation.
Elapsed time =      1 sec.
Selected part: N25Q128
// *** BATCH CMD : attachflash -position 1 -spi "N25Q128"
Unprotect sectors: FALSE
// *** BATCH CMD : assignfiletoattachedflash -position 1 -file"/home/aom/Work/ver/Atlys/Lx9Proto/boards/atlys/synthesis/build/top.mcs"
INFO:iMPACT - Current time: 14/01/05 17:40
// *** BATCH CMD : Program -p 1 -dataWidth 4 -spionly -e -v -loadfpga 
Maximum TCK operating frequency for this device chain: 25000000.
Validating chain...
Boundary-scan chain validated successfully.
PROGRESS_START - Starting Operation.
'1': IDCODE is 'ffffff' (in hex).
'1': ID Check failed.
INFO:iMPACT:2488 - The operation did not complete successfully.
INFO:iMPACT - SPI Device not found.
INFO:iMPACT:2488 - The operation did not complete successfully.
INFO:iMPACT - '1': Flash was not programmed successfully.
PROGRESS_END - End Operation.
Elapsed time =      0 sec.
Attempting to identify devices in the boundary-scan chain configuration...
INFO:iMPACT - Current time: 14/01/05 17:48
// *** BATCH CMD : Identify -inferir 
PROGRESS_START - Starting Operation.
Identifying chain contents...'0': : Manufacturer's ID = Xilinx xc6slx9, Version : 2
INFO:iMPACT:1777 - 
   Reading /opt/Xilinx/14.6/ISE_DS/ISE/spartan6/data/xc6slx9.bsd...
INFO:iMPACT:501 - '1': Added Device xc6slx9 successfully.
----------------------------------------------------------------------
done.
PROGRESS_END - End Operation.
Elapsed time =      0 sec.
// *** BATCH CMD : identifyMPM 
// *** BATCH CMD : assignFile -p 1 -file"/home/aom/Work/ver/Atlys/Lx9Proto/boards/atlys/synthesis/build/top.bit"
'1': Loading file'/home/aom/Work/ver/Atlys/Lx9Proto/boards/atlys/synthesis/build/top.bit' ...
done.
INFO:iMPACT:2257 - Startup Clock has been changed to 'JtagClk' in the bitstream   stored in memory,
   but the original bitstream file remains unchanged.
UserID read from the bitstream file = 0xFFFFFFFF.
Data width read from the bitstream file = 1.
INFO:iMPACT:501 - '1': Added Device xc6slx9 successfully.
----------------------------------------------------------------------
Selected part: N25Q128
// *** BATCH CMD : attachflash -position 1 -spi "N25Q128"
Unprotect sectors: FALSE
// *** BATCH CMD : assignfiletoattachedflash -position 1 -file"/home/aom/Work/ver/Atlys/Lx9Proto/boards/atlys/synthesis/build/top.mcs"
// *** BATCH CMD : attachflash -position 1 -spi "N25Q128"
INFO:iMPACT - Current time: 14/01/05 17:49
// *** BATCH CMD : Program -p 1 -dataWidth 1 -spionly -e -v 
Maximum TCK operating frequency for this device chain: 25000000.
Validating chain...
PROGRESS_START - Starting Operation.
Boundary-scan chain validated successfully.
'1': SPI access core not detected. SPI access core will be downloaded to thedevice to enable operations.
INFO:iMPACT - Downloading core file   /opt/Xilinx/14.6/ISE_DS/ISE/spartan6/data/xc6slx9_spi.cor.
'1': Downloading core...
 LCK_cycle = NoWait.
LCK cycle: NoWait
done.
'1': Reading status register contents...
INFO:iMPACT:2219 - Status register values:
INFO:iMPACT - 0011 1100 1110 1100 
INFO:iMPACT:2492 - '1': Completed downloading core to device.
'1': IDCODE is '20ba18' (in hex).
'1': ID Check passed.
'1': IDCODE is '20ba18' (in hex).
'1': ID Check passed.
'1': Erasing Device.
'1': Using Sector Erase.
'1': Programming Flash.
// *** BATCH CMD : setMode -pff
// *** BATCH CMD : setSubmode -pffspi
// *** BATCH CMD : setMode -bs
// *** BATCH CMD : setMode -pff
// *** BATCH CMD : setSubmode -pffspi
// *** BATCH CMD : setMode -bs
// *** BATCH CMD : setMode -pff
// *** BATCH CMD : setSubmode -pffspi
// *** BATCH CMD : setMode -bs
// *** BATCH CMD : setMode -pff
// *** BATCH CMD : setSubmode -pffspi
